<?xml version="1.0" encoding="UTF-8"?>
<!-- Generated by org.testng.reporters.JUnitReportReporter -->
<testsuite hostname="mariam-Latitude-5480" failures="0" tests="14" name="integration_Testing.SideBarTest" time="46.334" errors="4" timestamp="2025-12-06T13:13:31 EET" skipped="0">
  <testcase classname="integration_Testing.SideBarTest" name="closeMenu" time="3.571">
    <error message="
[public void integration_Testing.SideBarTest.closeMenu()] has no parameters defined but was found to be using a data provider (either explicitly specified or inherited from class level annotation).
Data provider mismatch
Method: closeMenu([])
Arguments: [(java.lang.String) standard_user,(java.lang.String) secret_sauce]" type="org.testng.internal.reflect.MethodMatcherException">
      <![CDATA[org.testng.internal.reflect.MethodMatcherException: 
[public void integration_Testing.SideBarTest.closeMenu()] has no parameters defined but was found to be using a data provider (either explicitly specified or inherited from class level annotation).
Data provider mismatch
Method: closeMenu([])
Arguments: [(java.lang.String) standard_user,(java.lang.String) secret_sauce]
at org.testng.internal.reflect.DataProviderMethodMatcher.getConformingArguments(DataProviderMethodMatcher.java:46)
at org.testng.internal.Parameters.injectParameters(Parameters.java:915)
at org.testng.internal.invokers.MethodRunner.runInSequence(MethodRunner.java:50)
at org.testng.internal.invokers.TestInvoker$MethodInvocationAgent.invoke(TestInvoker.java:995)
at org.testng.internal.invokers.TestInvoker.invokeTestMethods(TestInvoker.java:203)
at org.testng.internal.invokers.TestMethodWorker.invokeTestMethods(TestMethodWorker.java:154)
at org.testng.internal.invokers.TestMethodWorker.run(TestMethodWorker.java:134)
at java.base/java.util.ArrayList.forEach(ArrayList.java:1511)
at org.testng.TestRunner.privateRun(TestRunner.java:741)
at org.testng.TestRunner.run(TestRunner.java:616)
at org.testng.SuiteRunner.runTest(SuiteRunner.java:421)
at org.testng.SuiteRunner.runSequentially(SuiteRunner.java:413)
at org.testng.SuiteRunner.privateRun(SuiteRunner.java:373)
at org.testng.SuiteRunner.run(SuiteRunner.java:312)
at org.testng.SuiteRunnerWorker.runSuite(SuiteRunnerWorker.java:52)
at org.testng.SuiteRunnerWorker.run(SuiteRunnerWorker.java:95)
at org.testng.TestNG.runSuitesSequentially(TestNG.java:1274)
at org.testng.TestNG.runSuitesLocally(TestNG.java:1208)
at org.testng.TestNG.runSuites(TestNG.java:1112)
at org.testng.TestNG.run(TestNG.java:1079)
at com.intellij.rt.testng.IDEARemoteTestNG.run(IDEARemoteTestNG.java:65)
at com.intellij.rt.testng.RemoteTestNGStarter.main(RemoteTestNGStarter.java:105)
]]>
    </error>
  </testcase> <!-- closeMenu -->
  <testcase classname="integration_Testing.SideBarTest" name="login" time="2.062"/>
  <testcase classname="integration_Testing.SideBarTest" name="login" time="2.388"/>
  <testcase classname="integration_Testing.SideBarTest" name="openMenu" time="1.374">
    <error message="
[public void integration_Testing.SideBarTest.openMenu()] has no parameters defined but was found to be using a data provider (either explicitly specified or inherited from class level annotation).
Data provider mismatch
Method: openMenu([])
Arguments: [(java.lang.String) standard_user,(java.lang.String) secret_sauce]" type="org.testng.internal.reflect.MethodMatcherException">
      <![CDATA[org.testng.internal.reflect.MethodMatcherException: 
[public void integration_Testing.SideBarTest.openMenu()] has no parameters defined but was found to be using a data provider (either explicitly specified or inherited from class level annotation).
Data provider mismatch
Method: openMenu([])
Arguments: [(java.lang.String) standard_user,(java.lang.String) secret_sauce]
at org.testng.internal.reflect.DataProviderMethodMatcher.getConformingArguments(DataProviderMethodMatcher.java:46)
at org.testng.internal.Parameters.injectParameters(Parameters.java:915)
at org.testng.internal.invokers.MethodRunner.runInSequence(MethodRunner.java:50)
at org.testng.internal.invokers.TestInvoker$MethodInvocationAgent.invoke(TestInvoker.java:995)
at org.testng.internal.invokers.TestInvoker.invokeTestMethods(TestInvoker.java:203)
at org.testng.internal.invokers.TestMethodWorker.invokeTestMethods(TestMethodWorker.java:154)
at org.testng.internal.invokers.TestMethodWorker.run(TestMethodWorker.java:134)
at java.base/java.util.ArrayList.forEach(ArrayList.java:1511)
at org.testng.TestRunner.privateRun(TestRunner.java:741)
at org.testng.TestRunner.run(TestRunner.java:616)
at org.testng.SuiteRunner.runTest(SuiteRunner.java:421)
at org.testng.SuiteRunner.runSequentially(SuiteRunner.java:413)
at org.testng.SuiteRunner.privateRun(SuiteRunner.java:373)
at org.testng.SuiteRunner.run(SuiteRunner.java:312)
at org.testng.SuiteRunnerWorker.runSuite(SuiteRunnerWorker.java:52)
at org.testng.SuiteRunnerWorker.run(SuiteRunnerWorker.java:95)
at org.testng.TestNG.runSuitesSequentially(TestNG.java:1274)
at org.testng.TestNG.runSuitesLocally(TestNG.java:1208)
at org.testng.TestNG.runSuites(TestNG.java:1112)
at org.testng.TestNG.run(TestNG.java:1079)
at com.intellij.rt.testng.IDEARemoteTestNG.run(IDEARemoteTestNG.java:65)
at com.intellij.rt.testng.RemoteTestNGStarter.main(RemoteTestNGStarter.java:105)
]]>
    </error>
  </testcase> <!-- openMenu -->
  <testcase classname="integration_Testing.SideBarTest" name="testSideBarList" time="4.224">
    <error message="element click intercepted: Element &lt;div class=&quot;bm-cross-button&quot; style=&quot;position: absolute; width: 24px; height: 24px; right: 8px; top: 8px;&quot;&gt;...&lt;/div&gt; is not clickable at point (146, 26). Other element would receive the click: &lt;div class=&quot;bm-menu&quot; style=&quot;height: 100%; box-sizing: border-box; overflow: auto;&quot;&gt;...&lt;/div&gt;
  (Session info: chrome=142.0.7444.175)
Build info: version: &#039;4.38.0&#039;, revision: &#039;6b412e825c*&#039;
System info: os.name: &#039;Linux&#039;, os.arch: &#039;amd64&#039;, os.version: &#039;6.8.0-87-generic&#039;, java.version: &#039;17.0.17&#039;
Driver info: org.openqa.selenium.chrome.ChromeDriver
Command: [e56fe878365be718dffd3c006eaaf764, clickElement {id=f.62B7FA6205D61B3F53D024770F1B8CE0.d.96A2177E7D905A4B4943A0C94708D574.e.30}]
Capabilities {acceptInsecureCerts: false, browserName: chrome, browserVersion: 142.0.7444.175, chrome: {chromedriverVersion: 142.0.7444.175 (302067f14a4..., userDataDir: /tmp/.org.chromium.Chromium...}, fedcm:accounts: true, goog:chromeOptions: {debuggerAddress: localhost:39747}, goog:processID: 36453, networkConnectionEnabled: false, pageLoadStrategy: normal, platformName: linux, proxy: Proxy(), se:cdp: ws://localhost:39747/devtoo..., se:cdpVersion: 142.0.7444.175, setWindowRect: true, strictFileInteractability: false, timeouts: {implicit: 0, pageLoad: 300000, script: 30000}, unhandledPromptBehavior: dismiss and notify, webauthn:extension:credBlob: true, webauthn:extension:largeBlob: true, webauthn:extension:minPinLength: true, webauthn:extension:prf: true, webauthn:virtualAuthenticators: true}
Element: [[ChromeDriver: chrome on linux (e56fe878365be718dffd3c006eaaf764)] -&gt; class name: bm-cross-button]
Session ID: e56fe878365be718dffd3c006eaaf764" type="org.openqa.selenium.ElementClickInterceptedException">
      <![CDATA[org.openqa.selenium.ElementClickInterceptedException: element click intercepted: Element <div class="bm-cross-button" style="position: absolute; width: 24px; height: 24px; right: 8px; top: 8px;">...</div> is not clickable at point (146, 26). Other element would receive the click: <div class="bm-menu" style="height: 100%; box-sizing: border-box; overflow: auto;">...</div>
  (Session info: chrome=142.0.7444.175)
Build info: version: '4.38.0', revision: '6b412e825c*'
System info: os.name: 'Linux', os.arch: 'amd64', os.version: '6.8.0-87-generic', java.version: '17.0.17'
Driver info: org.openqa.selenium.chrome.ChromeDriver
Command: [e56fe878365be718dffd3c006eaaf764, clickElement {id=f.62B7FA6205D61B3F53D024770F1B8CE0.d.96A2177E7D905A4B4943A0C94708D574.e.30}]
Capabilities {acceptInsecureCerts: false, browserName: chrome, browserVersion: 142.0.7444.175, chrome: {chromedriverVersion: 142.0.7444.175 (302067f14a4..., userDataDir: /tmp/.org.chromium.Chromium...}, fedcm:accounts: true, goog:chromeOptions: {debuggerAddress: localhost:39747}, goog:processID: 36453, networkConnectionEnabled: false, pageLoadStrategy: normal, platformName: linux, proxy: Proxy(), se:cdp: ws://localhost:39747/devtoo..., se:cdpVersion: 142.0.7444.175, setWindowRect: true, strictFileInteractability: false, timeouts: {implicit: 0, pageLoad: 300000, script: 30000}, unhandledPromptBehavior: dismiss and notify, webauthn:extension:credBlob: true, webauthn:extension:largeBlob: true, webauthn:extension:minPinLength: true, webauthn:extension:prf: true, webauthn:virtualAuthenticators: true}
Element: [[ChromeDriver: chrome on linux (e56fe878365be718dffd3c006eaaf764)] -> class name: bm-cross-button]
Session ID: e56fe878365be718dffd3c006eaaf764
at java.base/jdk.internal.reflect.NativeConstructorAccessorImpl.newInstance0(Native Method)
at java.base/jdk.internal.reflect.NativeConstructorAccessorImpl.newInstance(NativeConstructorAccessorImpl.java:77)
at java.base/jdk.internal.reflect.DelegatingConstructorAccessorImpl.newInstance(DelegatingConstructorAccessorImpl.java:45)
at java.base/java.lang.reflect.Constructor.newInstanceWithCaller(Constructor.java:500)
at java.base/java.lang.reflect.Constructor.newInstance(Constructor.java:481)
at org.openqa.selenium.remote.ErrorCodec.decode(ErrorCodec.java:167)
at org.openqa.selenium.remote.codec.w3c.W3CHttpResponseCodec.decode(W3CHttpResponseCodec.java:138)
at org.openqa.selenium.remote.codec.w3c.W3CHttpResponseCodec.decode(W3CHttpResponseCodec.java:50)
at org.openqa.selenium.remote.HttpCommandExecutor.execute(HttpCommandExecutor.java:215)
at org.openqa.selenium.remote.service.DriverCommandExecutor.invokeExecute(DriverCommandExecutor.java:216)
at org.openqa.selenium.remote.service.DriverCommandExecutor.execute(DriverCommandExecutor.java:174)
at org.openqa.selenium.remote.RemoteWebDriver.execute(RemoteWebDriver.java:557)
at org.openqa.selenium.remote.RemoteWebElement.execute(RemoteWebElement.java:223)
at org.openqa.selenium.remote.RemoteWebElement.click(RemoteWebElement.java:76)
at integration_Testing.SideBarTest.closeMenu(SideBarTest.java:99)
at integration_Testing.SideBarTest.testSideBarList(SideBarTest.java:117)
at java.base/jdk.internal.reflect.NativeMethodAccessorImpl.invoke0(Native Method)
at java.base/jdk.internal.reflect.NativeMethodAccessorImpl.invoke(NativeMethodAccessorImpl.java:77)
at java.base/jdk.internal.reflect.DelegatingMethodAccessorImpl.invoke(DelegatingMethodAccessorImpl.java:43)
at java.base/java.lang.reflect.Method.invoke(Method.java:569)
at org.testng.internal.invokers.MethodInvocationHelper.invokeMethod(MethodInvocationHelper.java:141)
at org.testng.internal.invokers.TestInvoker.invokeMethod(TestInvoker.java:687)
at org.testng.internal.invokers.TestInvoker.invokeTestMethod(TestInvoker.java:230)
at org.testng.internal.invokers.MethodRunner.runInSequence(MethodRunner.java:63)
at org.testng.internal.invokers.TestInvoker$MethodInvocationAgent.invoke(TestInvoker.java:995)
at org.testng.internal.invokers.TestInvoker.invokeTestMethods(TestInvoker.java:203)
at org.testng.internal.invokers.TestMethodWorker.invokeTestMethods(TestMethodWorker.java:154)
at org.testng.internal.invokers.TestMethodWorker.run(TestMethodWorker.java:134)
at java.base/java.util.ArrayList.forEach(ArrayList.java:1511)
at org.testng.TestRunner.privateRun(TestRunner.java:741)
at org.testng.TestRunner.run(TestRunner.java:616)
at org.testng.SuiteRunner.runTest(SuiteRunner.java:421)
at org.testng.SuiteRunner.runSequentially(SuiteRunner.java:413)
at org.testng.SuiteRunner.privateRun(SuiteRunner.java:373)
at org.testng.SuiteRunner.run(SuiteRunner.java:312)
at org.testng.SuiteRunnerWorker.runSuite(SuiteRunnerWorker.java:52)
at org.testng.SuiteRunnerWorker.run(SuiteRunnerWorker.java:95)
at org.testng.TestNG.runSuitesSequentially(TestNG.java:1274)
at org.testng.TestNG.runSuitesLocally(TestNG.java:1208)
at org.testng.TestNG.runSuites(TestNG.java:1112)
at org.testng.TestNG.run(TestNG.java:1079)
at com.intellij.rt.testng.IDEARemoteTestNG.run(IDEARemoteTestNG.java:65)
at com.intellij.rt.testng.RemoteTestNGStarter.main(RemoteTestNGStarter.java:105)
]]>
    </error>
  </testcase> <!-- testSideBarList -->
  <testcase classname="integration_Testing.SideBarTest" name="testSideBarList" time="3.610">
    <error message="element click intercepted: Element &lt;div class=&quot;bm-cross-button&quot; style=&quot;position: absolute; width: 24px; height: 24px; right: 8px; top: 8px;&quot;&gt;...&lt;/div&gt; is not clickable at point (62, 26). Other element would receive the click: &lt;div class=&quot;bm-menu&quot; style=&quot;height: 100%; box-sizing: border-box; overflow: auto;&quot;&gt;...&lt;/div&gt;
  (Session info: chrome=142.0.7444.175)
Build info: version: &#039;4.38.0&#039;, revision: &#039;6b412e825c*&#039;
System info: os.name: &#039;Linux&#039;, os.arch: &#039;amd64&#039;, os.version: &#039;6.8.0-87-generic&#039;, java.version: &#039;17.0.17&#039;
Driver info: org.openqa.selenium.chrome.ChromeDriver
Command: [442c1e990a635c23ebdf4c7dc2cf1e02, clickElement {id=f.DBAE9262038343D571D51F6030422941.d.486874984D28F26F4B7563073D5E9C32.e.28}]
Capabilities {acceptInsecureCerts: false, browserName: chrome, browserVersion: 142.0.7444.175, chrome: {chromedriverVersion: 142.0.7444.175 (302067f14a4..., userDataDir: /tmp/.org.chromium.Chromium...}, fedcm:accounts: true, goog:chromeOptions: {debuggerAddress: localhost:39459}, goog:processID: 36652, networkConnectionEnabled: false, pageLoadStrategy: normal, platformName: linux, proxy: Proxy(), se:cdp: ws://localhost:39459/devtoo..., se:cdpVersion: 142.0.7444.175, setWindowRect: true, strictFileInteractability: false, timeouts: {implicit: 0, pageLoad: 300000, script: 30000}, unhandledPromptBehavior: dismiss and notify, webauthn:extension:credBlob: true, webauthn:extension:largeBlob: true, webauthn:extension:minPinLength: true, webauthn:extension:prf: true, webauthn:virtualAuthenticators: true}
Element: [[ChromeDriver: chrome on linux (442c1e990a635c23ebdf4c7dc2cf1e02)] -&gt; class name: bm-cross-button]
Session ID: 442c1e990a635c23ebdf4c7dc2cf1e02" type="org.openqa.selenium.ElementClickInterceptedException">
      <![CDATA[org.openqa.selenium.ElementClickInterceptedException: element click intercepted: Element <div class="bm-cross-button" style="position: absolute; width: 24px; height: 24px; right: 8px; top: 8px;">...</div> is not clickable at point (62, 26). Other element would receive the click: <div class="bm-menu" style="height: 100%; box-sizing: border-box; overflow: auto;">...</div>
  (Session info: chrome=142.0.7444.175)
Build info: version: '4.38.0', revision: '6b412e825c*'
System info: os.name: 'Linux', os.arch: 'amd64', os.version: '6.8.0-87-generic', java.version: '17.0.17'
Driver info: org.openqa.selenium.chrome.ChromeDriver
Command: [442c1e990a635c23ebdf4c7dc2cf1e02, clickElement {id=f.DBAE9262038343D571D51F6030422941.d.486874984D28F26F4B7563073D5E9C32.e.28}]
Capabilities {acceptInsecureCerts: false, browserName: chrome, browserVersion: 142.0.7444.175, chrome: {chromedriverVersion: 142.0.7444.175 (302067f14a4..., userDataDir: /tmp/.org.chromium.Chromium...}, fedcm:accounts: true, goog:chromeOptions: {debuggerAddress: localhost:39459}, goog:processID: 36652, networkConnectionEnabled: false, pageLoadStrategy: normal, platformName: linux, proxy: Proxy(), se:cdp: ws://localhost:39459/devtoo..., se:cdpVersion: 142.0.7444.175, setWindowRect: true, strictFileInteractability: false, timeouts: {implicit: 0, pageLoad: 300000, script: 30000}, unhandledPromptBehavior: dismiss and notify, webauthn:extension:credBlob: true, webauthn:extension:largeBlob: true, webauthn:extension:minPinLength: true, webauthn:extension:prf: true, webauthn:virtualAuthenticators: true}
Element: [[ChromeDriver: chrome on linux (442c1e990a635c23ebdf4c7dc2cf1e02)] -> class name: bm-cross-button]
Session ID: 442c1e990a635c23ebdf4c7dc2cf1e02
at java.base/jdk.internal.reflect.NativeConstructorAccessorImpl.newInstance0(Native Method)
at java.base/jdk.internal.reflect.NativeConstructorAccessorImpl.newInstance(NativeConstructorAccessorImpl.java:77)
at java.base/jdk.internal.reflect.DelegatingConstructorAccessorImpl.newInstance(DelegatingConstructorAccessorImpl.java:45)
at java.base/java.lang.reflect.Constructor.newInstanceWithCaller(Constructor.java:500)
at java.base/java.lang.reflect.Constructor.newInstance(Constructor.java:481)
at org.openqa.selenium.remote.ErrorCodec.decode(ErrorCodec.java:167)
at org.openqa.selenium.remote.codec.w3c.W3CHttpResponseCodec.decode(W3CHttpResponseCodec.java:138)
at org.openqa.selenium.remote.codec.w3c.W3CHttpResponseCodec.decode(W3CHttpResponseCodec.java:50)
at org.openqa.selenium.remote.HttpCommandExecutor.execute(HttpCommandExecutor.java:215)
at org.openqa.selenium.remote.service.DriverCommandExecutor.invokeExecute(DriverCommandExecutor.java:216)
at org.openqa.selenium.remote.service.DriverCommandExecutor.execute(DriverCommandExecutor.java:174)
at org.openqa.selenium.remote.RemoteWebDriver.execute(RemoteWebDriver.java:557)
at org.openqa.selenium.remote.RemoteWebElement.execute(RemoteWebElement.java:223)
at org.openqa.selenium.remote.RemoteWebElement.click(RemoteWebElement.java:76)
at integration_Testing.SideBarTest.closeMenu(SideBarTest.java:99)
at integration_Testing.SideBarTest.testSideBarList(SideBarTest.java:117)
at java.base/jdk.internal.reflect.NativeMethodAccessorImpl.invoke0(Native Method)
at java.base/jdk.internal.reflect.NativeMethodAccessorImpl.invoke(NativeMethodAccessorImpl.java:77)
at java.base/jdk.internal.reflect.DelegatingMethodAccessorImpl.invoke(DelegatingMethodAccessorImpl.java:43)
at java.base/java.lang.reflect.Method.invoke(Method.java:569)
at org.testng.internal.invokers.MethodInvocationHelper.invokeMethod(MethodInvocationHelper.java:141)
at org.testng.internal.invokers.TestInvoker.invokeMethod(TestInvoker.java:687)
at org.testng.internal.invokers.TestInvoker.invokeTestMethod(TestInvoker.java:230)
at org.testng.internal.invokers.MethodRunner.runInSequence(MethodRunner.java:63)
at org.testng.internal.invokers.TestInvoker$MethodInvocationAgent.invoke(TestInvoker.java:995)
at org.testng.internal.invokers.TestInvoker.invokeTestMethods(TestInvoker.java:203)
at org.testng.internal.invokers.TestMethodWorker.invokeTestMethods(TestMethodWorker.java:154)
at org.testng.internal.invokers.TestMethodWorker.run(TestMethodWorker.java:134)
at java.base/java.util.ArrayList.forEach(ArrayList.java:1511)
at org.testng.TestRunner.privateRun(TestRunner.java:741)
at org.testng.TestRunner.run(TestRunner.java:616)
at org.testng.SuiteRunner.runTest(SuiteRunner.java:421)
at org.testng.SuiteRunner.runSequentially(SuiteRunner.java:413)
at org.testng.SuiteRunner.privateRun(SuiteRunner.java:373)
at org.testng.SuiteRunner.run(SuiteRunner.java:312)
at org.testng.SuiteRunnerWorker.runSuite(SuiteRunnerWorker.java:52)
at org.testng.SuiteRunnerWorker.run(SuiteRunnerWorker.java:95)
at org.testng.TestNG.runSuitesSequentially(TestNG.java:1274)
at org.testng.TestNG.runSuitesLocally(TestNG.java:1208)
at org.testng.TestNG.runSuites(TestNG.java:1112)
at org.testng.TestNG.run(TestNG.java:1079)
at com.intellij.rt.testng.IDEARemoteTestNG.run(IDEARemoteTestNG.java:65)
at com.intellij.rt.testng.RemoteTestNGStarter.main(RemoteTestNGStarter.java:105)
]]>
    </error>
  </testcase> <!-- testSideBarList -->
  <testcase classname="integration_Testing.SideBarTest" name="testAllItemsLink" time="2.702"/>
  <testcase classname="integration_Testing.SideBarTest" name="testAllItemsLink" time="2.885"/>
  <testcase classname="integration_Testing.SideBarTest" name="testResetLink" time="4.555"/>
  <testcase classname="integration_Testing.SideBarTest" name="testResetLink" time="3.373"/>
  <testcase classname="integration_Testing.SideBarTest" name="testAboutLink" time="6.515"/>
  <testcase classname="integration_Testing.SideBarTest" name="testAboutLink" time="6.231"/>
  <testcase classname="integration_Testing.SideBarTest" name="testLogOutLink" time="1.472"/>
  <testcase classname="integration_Testing.SideBarTest" name="testLogOutLink" time="1.372"/>
</testsuite> <!-- integration_Testing.SideBarTest -->
