<?xml version="1.0" encoding="UTF-8"?>
<!-- Generated by org.testng.reporters.JUnitXMLReporter -->
<testsuite ignored="0" hostname="mariam-Latitude-5480" failures="4" tests="14" name="LoginHomeTest.java" time="46.448" errors="0" timestamp="2025-12-06T13:13:31 EET">
  <testcase classname="integration_Testing.SideBarTest" name="closeMenu" time="0.007">
    <failure type="org.testng.internal.reflect.MethodMatcherException" message="
[public void integration_Testing.SideBarTest.closeMenu()] has no parameters defined but was found to be using a data provider (either explicitly specified or inherited from class level annotation).
Data provider mismatch
Method: closeMenu([])
Arguments: [(java.lang.String) standard_user,(java.lang.String) secret_sauce]">
      <![CDATA[org.testng.internal.reflect.MethodMatcherException: 
[public void integration_Testing.SideBarTest.closeMenu()] has no parameters defined but was found to be using a data provider (either explicitly specified or inherited from class level annotation).
Data provider mismatch
Method: closeMenu([])
Arguments: [(java.lang.String) standard_user,(java.lang.String) secret_sauce]
at java.base/java.util.ArrayList.forEach(ArrayList.java:1511)
at com.intellij.rt.testng.IDEARemoteTestNG.run(IDEARemoteTestNG.java:65)
at com.intellij.rt.testng.RemoteTestNGStarter.main(RemoteTestNGStarter.java:105)
... Removed 19 stack frames]]>
    </failure>
  </testcase> <!-- closeMenu -->
  <testcase classname="integration_Testing.SideBarTest" name="login" time="0.458"/>
  <testcase classname="integration_Testing.SideBarTest" name="login" time="0.475"/>
  <testcase classname="integration_Testing.SideBarTest" name="openMenu" time="0.0">
    <failure type="org.testng.internal.reflect.MethodMatcherException" message="
[public void integration_Testing.SideBarTest.openMenu()] has no parameters defined but was found to be using a data provider (either explicitly specified or inherited from class level annotation).
Data provider mismatch
Method: openMenu([])
Arguments: [(java.lang.String) standard_user,(java.lang.String) secret_sauce]">
      <![CDATA[org.testng.internal.reflect.MethodMatcherException: 
[public void integration_Testing.SideBarTest.openMenu()] has no parameters defined but was found to be using a data provider (either explicitly specified or inherited from class level annotation).
Data provider mismatch
Method: openMenu([])
Arguments: [(java.lang.String) standard_user,(java.lang.String) secret_sauce]
at java.base/java.util.ArrayList.forEach(ArrayList.java:1511)
at com.intellij.rt.testng.IDEARemoteTestNG.run(IDEARemoteTestNG.java:65)
at com.intellij.rt.testng.RemoteTestNGStarter.main(RemoteTestNGStarter.java:105)
... Removed 19 stack frames]]>
    </failure>
  </testcase> <!-- openMenu -->
  <testcase classname="integration_Testing.SideBarTest" name="testSideBarList" time="2.48">
    <failure type="org.openqa.selenium.ElementClickInterceptedException" message="element click intercepted: Element &amp;lt;div class=&amp;quot;bm-cross-button&amp;quot; style=&amp;quot;position: absolute; width: 24px; height: 24px; right: 8px; top: 8px;&amp;quot;&amp;gt;...&amp;lt;/div&amp;gt; is not clickable at point (146, 26). Other element would receive the click: &amp;lt;div class=&amp;quot;bm-menu&amp;quot; style=&amp;quot;height: 100%; box-sizing: border-box; overflow: auto;&amp;quot;&amp;gt;...&amp;lt;/div&amp;gt;
  (Session info: chrome=142.0.7444.175)
Build info: version: &amp;apos;4.38.0&amp;apos;, revision: &amp;apos;6b412e825c*&amp;apos;
System info: os.name: &amp;apos;Linux&amp;apos;, os.arch: &amp;apos;amd64&amp;apos;, os.version: &amp;apos;6.8.0-87-generic&amp;apos;, java.version: &amp;apos;17.0.17&amp;apos;
Driver info: org.openqa.selenium.chrome.ChromeDriver
Command: [e56fe878365be718dffd3c006eaaf764, clickElement {id=f.62B7FA6205D61B3F53D024770F1B8CE0.d.96A2177E7D905A4B4943A0C94708D574.e.30}]
Capabilities {acceptInsecureCerts: false, browserName: chrome, browserVersion: 142.0.7444.175, chrome: {chromedriverVersion: 142.0.7444.175 (302067f14a4..., userDataDir: /tmp/.org.chromium.Chromium...}, fedcm:accounts: true, goog:chromeOptions: {debuggerAddress: localhost:39747}, goog:processID: 36453, networkConnectionEnabled: false, pageLoadStrategy: normal, platformName: linux, proxy: Proxy(), se:cdp: ws://localhost:39747/devtoo..., se:cdpVersion: 142.0.7444.175, setWindowRect: true, strictFileInteractability: false, timeouts: {implicit: 0, pageLoad: 300000, script: 30000}, unhandledPromptBehavior: dismiss and notify, webauthn:extension:credBlob: true, webauthn:extension:largeBlob: true, webauthn:extension:minPinLength: true, webauthn:extension:prf: true, webauthn:virtualAuthenticators: true}
Element: [[ChromeDriver: chrome on linux (e56fe878365be718dffd3c006eaaf764)] -&amp;gt; class name: bm-cross-button]
Session ID: e56fe878365be718dffd3c006eaaf764">
      <![CDATA[org.openqa.selenium.ElementClickInterceptedException: element click intercepted: Element <div class="bm-cross-button" style="position: absolute; width: 24px; height: 24px; right: 8px; top: 8px;">...</div> is not clickable at point (146, 26). Other element would receive the click: <div class="bm-menu" style="height: 100%; box-sizing: border-box; overflow: auto;">...</div>
  (Session info: chrome=142.0.7444.175)
Build info: version: '4.38.0', revision: '6b412e825c*'
System info: os.name: 'Linux', os.arch: 'amd64', os.version: '6.8.0-87-generic', java.version: '17.0.17'
Driver info: org.openqa.selenium.chrome.ChromeDriver
Command: [e56fe878365be718dffd3c006eaaf764, clickElement {id=f.62B7FA6205D61B3F53D024770F1B8CE0.d.96A2177E7D905A4B4943A0C94708D574.e.30}]
Capabilities {acceptInsecureCerts: false, browserName: chrome, browserVersion: 142.0.7444.175, chrome: {chromedriverVersion: 142.0.7444.175 (302067f14a4..., userDataDir: /tmp/.org.chromium.Chromium...}, fedcm:accounts: true, goog:chromeOptions: {debuggerAddress: localhost:39747}, goog:processID: 36453, networkConnectionEnabled: false, pageLoadStrategy: normal, platformName: linux, proxy: Proxy(), se:cdp: ws://localhost:39747/devtoo..., se:cdpVersion: 142.0.7444.175, setWindowRect: true, strictFileInteractability: false, timeouts: {implicit: 0, pageLoad: 300000, script: 30000}, unhandledPromptBehavior: dismiss and notify, webauthn:extension:credBlob: true, webauthn:extension:largeBlob: true, webauthn:extension:minPinLength: true, webauthn:extension:prf: true, webauthn:virtualAuthenticators: true}
Element: [[ChromeDriver: chrome on linux (e56fe878365be718dffd3c006eaaf764)] -> class name: bm-cross-button]
Session ID: e56fe878365be718dffd3c006eaaf764
at org.openqa.selenium.remote.ErrorCodec.decode(ErrorCodec.java:167)
at org.openqa.selenium.remote.codec.w3c.W3CHttpResponseCodec.decode(W3CHttpResponseCodec.java:138)
at org.openqa.selenium.remote.codec.w3c.W3CHttpResponseCodec.decode(W3CHttpResponseCodec.java:50)
at org.openqa.selenium.remote.HttpCommandExecutor.execute(HttpCommandExecutor.java:215)
at org.openqa.selenium.remote.service.DriverCommandExecutor.invokeExecute(DriverCommandExecutor.java:216)
at org.openqa.selenium.remote.service.DriverCommandExecutor.execute(DriverCommandExecutor.java:174)
at org.openqa.selenium.remote.RemoteWebDriver.execute(RemoteWebDriver.java:557)
at org.openqa.selenium.remote.RemoteWebElement.execute(RemoteWebElement.java:223)
at org.openqa.selenium.remote.RemoteWebElement.click(RemoteWebElement.java:76)
at integration_Testing.SideBarTest.closeMenu(SideBarTest.java:99)
at integration_Testing.SideBarTest.testSideBarList(SideBarTest.java:117)
at java.base/java.util.ArrayList.forEach(ArrayList.java:1511)
at com.intellij.rt.testng.IDEARemoteTestNG.run(IDEARemoteTestNG.java:65)
at com.intellij.rt.testng.RemoteTestNGStarter.main(RemoteTestNGStarter.java:105)
... Removed 29 stack frames]]>
    </failure>
  </testcase> <!-- testSideBarList -->
  <testcase classname="integration_Testing.SideBarTest" name="testSideBarList" time="2.265">
    <failure type="org.openqa.selenium.ElementClickInterceptedException" message="element click intercepted: Element &amp;lt;div class=&amp;quot;bm-cross-button&amp;quot; style=&amp;quot;position: absolute; width: 24px; height: 24px; right: 8px; top: 8px;&amp;quot;&amp;gt;...&amp;lt;/div&amp;gt; is not clickable at point (62, 26). Other element would receive the click: &amp;lt;div class=&amp;quot;bm-menu&amp;quot; style=&amp;quot;height: 100%; box-sizing: border-box; overflow: auto;&amp;quot;&amp;gt;...&amp;lt;/div&amp;gt;
  (Session info: chrome=142.0.7444.175)
Build info: version: &amp;apos;4.38.0&amp;apos;, revision: &amp;apos;6b412e825c*&amp;apos;
System info: os.name: &amp;apos;Linux&amp;apos;, os.arch: &amp;apos;amd64&amp;apos;, os.version: &amp;apos;6.8.0-87-generic&amp;apos;, java.version: &amp;apos;17.0.17&amp;apos;
Driver info: org.openqa.selenium.chrome.ChromeDriver
Command: [442c1e990a635c23ebdf4c7dc2cf1e02, clickElement {id=f.DBAE9262038343D571D51F6030422941.d.486874984D28F26F4B7563073D5E9C32.e.28}]
Capabilities {acceptInsecureCerts: false, browserName: chrome, browserVersion: 142.0.7444.175, chrome: {chromedriverVersion: 142.0.7444.175 (302067f14a4..., userDataDir: /tmp/.org.chromium.Chromium...}, fedcm:accounts: true, goog:chromeOptions: {debuggerAddress: localhost:39459}, goog:processID: 36652, networkConnectionEnabled: false, pageLoadStrategy: normal, platformName: linux, proxy: Proxy(), se:cdp: ws://localhost:39459/devtoo..., se:cdpVersion: 142.0.7444.175, setWindowRect: true, strictFileInteractability: false, timeouts: {implicit: 0, pageLoad: 300000, script: 30000}, unhandledPromptBehavior: dismiss and notify, webauthn:extension:credBlob: true, webauthn:extension:largeBlob: true, webauthn:extension:minPinLength: true, webauthn:extension:prf: true, webauthn:virtualAuthenticators: true}
Element: [[ChromeDriver: chrome on linux (442c1e990a635c23ebdf4c7dc2cf1e02)] -&amp;gt; class name: bm-cross-button]
Session ID: 442c1e990a635c23ebdf4c7dc2cf1e02">
      <![CDATA[org.openqa.selenium.ElementClickInterceptedException: element click intercepted: Element <div class="bm-cross-button" style="position: absolute; width: 24px; height: 24px; right: 8px; top: 8px;">...</div> is not clickable at point (62, 26). Other element would receive the click: <div class="bm-menu" style="height: 100%; box-sizing: border-box; overflow: auto;">...</div>
  (Session info: chrome=142.0.7444.175)
Build info: version: '4.38.0', revision: '6b412e825c*'
System info: os.name: 'Linux', os.arch: 'amd64', os.version: '6.8.0-87-generic', java.version: '17.0.17'
Driver info: org.openqa.selenium.chrome.ChromeDriver
Command: [442c1e990a635c23ebdf4c7dc2cf1e02, clickElement {id=f.DBAE9262038343D571D51F6030422941.d.486874984D28F26F4B7563073D5E9C32.e.28}]
Capabilities {acceptInsecureCerts: false, browserName: chrome, browserVersion: 142.0.7444.175, chrome: {chromedriverVersion: 142.0.7444.175 (302067f14a4..., userDataDir: /tmp/.org.chromium.Chromium...}, fedcm:accounts: true, goog:chromeOptions: {debuggerAddress: localhost:39459}, goog:processID: 36652, networkConnectionEnabled: false, pageLoadStrategy: normal, platformName: linux, proxy: Proxy(), se:cdp: ws://localhost:39459/devtoo..., se:cdpVersion: 142.0.7444.175, setWindowRect: true, strictFileInteractability: false, timeouts: {implicit: 0, pageLoad: 300000, script: 30000}, unhandledPromptBehavior: dismiss and notify, webauthn:extension:credBlob: true, webauthn:extension:largeBlob: true, webauthn:extension:minPinLength: true, webauthn:extension:prf: true, webauthn:virtualAuthenticators: true}
Element: [[ChromeDriver: chrome on linux (442c1e990a635c23ebdf4c7dc2cf1e02)] -> class name: bm-cross-button]
Session ID: 442c1e990a635c23ebdf4c7dc2cf1e02
at org.openqa.selenium.remote.ErrorCodec.decode(ErrorCodec.java:167)
at org.openqa.selenium.remote.codec.w3c.W3CHttpResponseCodec.decode(W3CHttpResponseCodec.java:138)
at org.openqa.selenium.remote.codec.w3c.W3CHttpResponseCodec.decode(W3CHttpResponseCodec.java:50)
at org.openqa.selenium.remote.HttpCommandExecutor.execute(HttpCommandExecutor.java:215)
at org.openqa.selenium.remote.service.DriverCommandExecutor.invokeExecute(DriverCommandExecutor.java:216)
at org.openqa.selenium.remote.service.DriverCommandExecutor.execute(DriverCommandExecutor.java:174)
at org.openqa.selenium.remote.RemoteWebDriver.execute(RemoteWebDriver.java:557)
at org.openqa.selenium.remote.RemoteWebElement.execute(RemoteWebElement.java:223)
at org.openqa.selenium.remote.RemoteWebElement.click(RemoteWebElement.java:76)
at integration_Testing.SideBarTest.closeMenu(SideBarTest.java:99)
at integration_Testing.SideBarTest.testSideBarList(SideBarTest.java:117)
at java.base/java.util.ArrayList.forEach(ArrayList.java:1511)
at com.intellij.rt.testng.IDEARemoteTestNG.run(IDEARemoteTestNG.java:65)
at com.intellij.rt.testng.RemoteTestNGStarter.main(RemoteTestNGStarter.java:105)
... Removed 29 stack frames]]>
    </failure>
  </testcase> <!-- testSideBarList -->
  <testcase classname="integration_Testing.SideBarTest" name="testAllItemsLink" time="1.407"/>
  <testcase classname="integration_Testing.SideBarTest" name="testAllItemsLink" time="1.341"/>
  <testcase classname="integration_Testing.SideBarTest" name="testResetLink" time="1.41"/>
  <testcase classname="integration_Testing.SideBarTest" name="testResetLink" time="1.413"/>
  <testcase classname="integration_Testing.SideBarTest" name="testAboutLink" time="5.148"/>
  <testcase classname="integration_Testing.SideBarTest" name="testAboutLink" time="4.889"/>
  <testcase classname="integration_Testing.SideBarTest" name="testLogOutLink" time="1.372"/>
  <testcase classname="integration_Testing.SideBarTest" name="testLogOutLink" time="1.472"/>
</testsuite> <!-- LoginHomeTest.java -->
