<?xml version="1.0" encoding="UTF-8"?>
<!-- Generated by org.testng.reporters.JUnitReportReporter -->
<testsuite hostname="mariam-Latitude-5480" failures="0" tests="3" name="end_to_end_testing.CartCheckOutTests" time="1.984" errors="0" timestamp="2025-12-06T13:18:27 EET" skipped="0">
  <testcase classname="end_to_end_testing.CartCheckOutTests" name="checkoutFlowMissingPostalCode" time="0.591"/>
  <testcase classname="end_to_end_testing.CartCheckOutTests" name="checkoutFlowMissingLastName" time="0.702"/>
  <testcase classname="end_to_end_testing.CartCheckOutTests" name="checkoutFlowValidUser" time="0.691"/>
</testsuite> <!-- end_to_end_testing.CartCheckOutTests -->
