<?xml version="1.0" encoding="UTF-8"?>
<testng-results ignored="0" total="9" passed="7" failed="2" skipped="0">
  <reporter-output>
  </reporter-output>
  <suite started-at="2025-12-06T12:28:32 EET" name="Default Suite" finished-at="2025-12-06T12:28:55 EET" duration-ms="22712">
    <groups>
    </groups>
    <test started-at="2025-12-06T12:28:32 EET" name="LoginHomeTest.java" finished-at="2025-12-06T12:28:55 EET" duration-ms="22712">
      <class name="integration_Testing.HomeTests">
        <test-method is-config="true" signature="setup()[pri:0, instance:integration_Testing.HomeTests@6b927fb]" started-at="2025-12-06T12:28:32 EET" name="setup" finished-at="2025-12-06T12:28:36 EET" duration-ms="3671" status="PASS">
          <reporter-output>
          </reporter-output>
        </test-method> <!-- setup -->
        <test-method signature="addAndRemoveItemFromCart()[pri:0, instance:integration_Testing.HomeTests@6b927fb]" started-at="2025-12-06T12:28:36 EET" name="addAndRemoveItemFromCart" finished-at="2025-12-06T12:28:36 EET" duration-ms="231" status="FAIL">
          <exception class="java.lang.AssertionError">
            <message>
              <![CDATA[Cart counter did not update after removing! expected [0] but found [1]]]>
            </message>
            <full-stacktrace>
              <![CDATA[java.lang.AssertionError: Cart counter did not update after removing! expected [0] but found [1]
at org.testng.Assert.fail(Assert.java:111)
at org.testng.Assert.failNotEquals(Assert.java:1590)
at org.testng.Assert.assertEqualsImpl(Assert.java:150)
at org.testng.Assert.assertEquals(Assert.java:132)
at org.testng.Assert.assertEquals(Assert.java:656)
at integration_Testing.HomeTests.addAndRemoveItemFromCart(HomeTests.java:133)
at java.base/jdk.internal.reflect.NativeMethodAccessorImpl.invoke0(Native Method)
at java.base/jdk.internal.reflect.NativeMethodAccessorImpl.invoke(NativeMethodAccessorImpl.java:77)
at java.base/jdk.internal.reflect.DelegatingMethodAccessorImpl.invoke(DelegatingMethodAccessorImpl.java:43)
at java.base/java.lang.reflect.Method.invoke(Method.java:569)
at org.testng.internal.invokers.MethodInvocationHelper.invokeMethod(MethodInvocationHelper.java:141)
at org.testng.internal.invokers.TestInvoker.invokeMethod(TestInvoker.java:687)
at org.testng.internal.invokers.TestInvoker.invokeTestMethod(TestInvoker.java:230)
at org.testng.internal.invokers.MethodRunner.runInSequence(MethodRunner.java:63)
at org.testng.internal.invokers.TestInvoker$MethodInvocationAgent.invoke(TestInvoker.java:995)
at org.testng.internal.invokers.TestInvoker.invokeTestMethods(TestInvoker.java:203)
at org.testng.internal.invokers.TestMethodWorker.invokeTestMethods(TestMethodWorker.java:154)
at org.testng.internal.invokers.TestMethodWorker.run(TestMethodWorker.java:134)
at java.base/java.util.ArrayList.forEach(ArrayList.java:1511)
at org.testng.TestRunner.privateRun(TestRunner.java:741)
at org.testng.TestRunner.run(TestRunner.java:616)
at org.testng.SuiteRunner.runTest(SuiteRunner.java:421)
at org.testng.SuiteRunner.runSequentially(SuiteRunner.java:413)
at org.testng.SuiteRunner.privateRun(SuiteRunner.java:373)
at org.testng.SuiteRunner.run(SuiteRunner.java:312)
at org.testng.SuiteRunnerWorker.runSuite(SuiteRunnerWorker.java:52)
at org.testng.SuiteRunnerWorker.run(SuiteRunnerWorker.java:95)
at org.testng.TestNG.runSuitesSequentially(TestNG.java:1274)
at org.testng.TestNG.runSuitesLocally(TestNG.java:1208)
at org.testng.TestNG.runSuites(TestNG.java:1112)
at org.testng.TestNG.run(TestNG.java:1079)
at com.intellij.rt.testng.IDEARemoteTestNG.run(IDEARemoteTestNG.java:65)
at com.intellij.rt.testng.RemoteTestNGStarter.main(RemoteTestNGStarter.java:105)
]]>
            </full-stacktrace>
          </exception> <!-- java.lang.AssertionError -->
          <reporter-output>
          </reporter-output>
        </test-method> <!-- addAndRemoveItemFromCart -->
        <test-method is-config="true" signature="delayBetweenTests()[pri:0, instance:integration_Testing.HomeTests@6b927fb]" started-at="2025-12-06T12:28:36 EET" name="delayBetweenTests" finished-at="2025-12-06T12:28:38 EET" duration-ms="2000" status="PASS">
          <reporter-output>
          </reporter-output>
        </test-method> <!-- delayBetweenTests -->
        <test-method signature="addItemToCartTest()[pri:0, instance:integration_Testing.HomeTests@6b927fb]" started-at="2025-12-06T12:28:38 EET" name="addItemToCartTest" finished-at="2025-12-06T12:28:38 EET" duration-ms="107" status="PASS">
          <reporter-output>
          </reporter-output>
        </test-method> <!-- addItemToCartTest -->
        <test-method is-config="true" signature="delayBetweenTests()[pri:0, instance:integration_Testing.HomeTests@6b927fb]" started-at="2025-12-06T12:28:38 EET" name="delayBetweenTests" finished-at="2025-12-06T12:28:40 EET" duration-ms="2001" status="PASS">
          <reporter-output>
          </reporter-output>
        </test-method> <!-- delayBetweenTests -->
        <test-method signature="cartIconExists()[pri:0, instance:integration_Testing.HomeTests@6b927fb]" started-at="2025-12-06T12:28:40 EET" name="cartIconExists" finished-at="2025-12-06T12:28:40 EET" duration-ms="75" status="PASS">
          <reporter-output>
          </reporter-output>
        </test-method> <!-- cartIconExists -->
        <test-method is-config="true" signature="delayBetweenTests()[pri:0, instance:integration_Testing.HomeTests@6b927fb]" started-at="2025-12-06T12:28:40 EET" name="delayBetweenTests" finished-at="2025-12-06T12:28:42 EET" duration-ms="2001" status="PASS">
          <reporter-output>
          </reporter-output>
        </test-method> <!-- delayBetweenTests -->
        <test-method signature="checkAllProductNamesDisplayed()[pri:0, instance:integration_Testing.HomeTests@6b927fb]" started-at="2025-12-06T12:28:42 EET" name="checkAllProductNamesDisplayed" finished-at="2025-12-06T12:28:42 EET" duration-ms="22" status="PASS">
          <reporter-output>
          </reporter-output>
        </test-method> <!-- checkAllProductNamesDisplayed -->
        <test-method is-config="true" signature="delayBetweenTests()[pri:0, instance:integration_Testing.HomeTests@6b927fb]" started-at="2025-12-06T12:28:42 EET" name="delayBetweenTests" finished-at="2025-12-06T12:28:44 EET" duration-ms="2001" status="PASS">
          <reporter-output>
          </reporter-output>
        </test-method> <!-- delayBetweenTests -->
        <test-method signature="checkPricesDisplayed()[pri:0, instance:integration_Testing.HomeTests@6b927fb]" started-at="2025-12-06T12:28:44 EET" name="checkPricesDisplayed" finished-at="2025-12-06T12:28:44 EET" duration-ms="17" status="PASS">
          <reporter-output>
          </reporter-output>
        </test-method> <!-- checkPricesDisplayed -->
        <test-method is-config="true" signature="delayBetweenTests()[pri:0, instance:integration_Testing.HomeTests@6b927fb]" started-at="2025-12-06T12:28:44 EET" name="delayBetweenTests" finished-at="2025-12-06T12:28:46 EET" duration-ms="2000" status="PASS">
          <reporter-output>
          </reporter-output>
        </test-method> <!-- delayBetweenTests -->
        <test-method signature="checkProductCount()[pri:0, instance:integration_Testing.HomeTests@6b927fb]" started-at="2025-12-06T12:28:46 EET" name="checkProductCount" finished-at="2025-12-06T12:28:46 EET" duration-ms="11" status="PASS">
          <reporter-output>
          </reporter-output>
        </test-method> <!-- checkProductCount -->
        <test-method is-config="true" signature="delayBetweenTests()[pri:0, instance:integration_Testing.HomeTests@6b927fb]" started-at="2025-12-06T12:28:46 EET" name="delayBetweenTests" finished-at="2025-12-06T12:28:48 EET" duration-ms="2000" status="PASS">
          <reporter-output>
          </reporter-output>
        </test-method> <!-- delayBetweenTests -->
        <test-method signature="checkProductImagesDisplayed()[pri:0, instance:integration_Testing.HomeTests@6b927fb]" started-at="2025-12-06T12:28:48 EET" name="checkProductImagesDisplayed" finished-at="2025-12-06T12:28:48 EET" duration-ms="45" status="PASS">
          <reporter-output>
          </reporter-output>
        </test-method> <!-- checkProductImagesDisplayed -->
        <test-method is-config="true" signature="delayBetweenTests()[pri:0, instance:integration_Testing.HomeTests@6b927fb]" started-at="2025-12-06T12:28:48 EET" name="delayBetweenTests" finished-at="2025-12-06T12:28:50 EET" duration-ms="2001" status="PASS">
          <reporter-output>
          </reporter-output>
        </test-method> <!-- delayBetweenTests -->
        <test-method signature="testSortingAtoZ()[pri:0, instance:integration_Testing.HomeTests@6b927fb]" started-at="2025-12-06T12:28:50 EET" name="testSortingAtoZ" finished-at="2025-12-06T12:28:51 EET" duration-ms="213" status="PASS">
          <reporter-output>
          </reporter-output>
        </test-method> <!-- testSortingAtoZ -->
        <test-method is-config="true" signature="delayBetweenTests()[pri:0, instance:integration_Testing.HomeTests@6b927fb]" started-at="2025-12-06T12:28:51 EET" name="delayBetweenTests" finished-at="2025-12-06T12:28:53 EET" duration-ms="2001" status="PASS">
          <reporter-output>
          </reporter-output>
        </test-method> <!-- delayBetweenTests -->
        <test-method signature="testSortingZtoA()[pri:0, instance:integration_Testing.HomeTests@6b927fb]" started-at="2025-12-06T12:28:53 EET" name="testSortingZtoA" finished-at="2025-12-06T12:28:53 EET" duration-ms="162" status="FAIL">
          <exception class="java.lang.AssertionError">
            <message>
              <![CDATA[Sorting dropdown value is incorrect! expected [Name (Z to A)] but found [Name (A to Z)]]]>
            </message>
            <full-stacktrace>
              <![CDATA[java.lang.AssertionError: Sorting dropdown value is incorrect! expected [Name (Z to A)] but found [Name (A to Z)]
at org.testng.Assert.fail(Assert.java:111)
at org.testng.Assert.failNotEquals(Assert.java:1590)
at org.testng.Assert.assertEqualsImpl(Assert.java:150)
at org.testng.Assert.assertEquals(Assert.java:132)
at org.testng.Assert.assertEquals(Assert.java:656)
at integration_Testing.HomeTests.testSortingZtoA(HomeTests.java:69)
at java.base/jdk.internal.reflect.NativeMethodAccessorImpl.invoke0(Native Method)
at java.base/jdk.internal.reflect.NativeMethodAccessorImpl.invoke(NativeMethodAccessorImpl.java:77)
at java.base/jdk.internal.reflect.DelegatingMethodAccessorImpl.invoke(DelegatingMethodAccessorImpl.java:43)
at java.base/java.lang.reflect.Method.invoke(Method.java:569)
at org.testng.internal.invokers.MethodInvocationHelper.invokeMethod(MethodInvocationHelper.java:141)
at org.testng.internal.invokers.TestInvoker.invokeMethod(TestInvoker.java:687)
at org.testng.internal.invokers.TestInvoker.invokeTestMethod(TestInvoker.java:230)
at org.testng.internal.invokers.MethodRunner.runInSequence(MethodRunner.java:63)
at org.testng.internal.invokers.TestInvoker$MethodInvocationAgent.invoke(TestInvoker.java:995)
at org.testng.internal.invokers.TestInvoker.invokeTestMethods(TestInvoker.java:203)
at org.testng.internal.invokers.TestMethodWorker.invokeTestMethods(TestMethodWorker.java:154)
at org.testng.internal.invokers.TestMethodWorker.run(TestMethodWorker.java:134)
at java.base/java.util.ArrayList.forEach(ArrayList.java:1511)
at org.testng.TestRunner.privateRun(TestRunner.java:741)
at org.testng.TestRunner.run(TestRunner.java:616)
at org.testng.SuiteRunner.runTest(SuiteRunner.java:421)
at org.testng.SuiteRunner.runSequentially(SuiteRunner.java:413)
at org.testng.SuiteRunner.privateRun(SuiteRunner.java:373)
at org.testng.SuiteRunner.run(SuiteRunner.java:312)
at org.testng.SuiteRunnerWorker.runSuite(SuiteRunnerWorker.java:52)
at org.testng.SuiteRunnerWorker.run(SuiteRunnerWorker.java:95)
at org.testng.TestNG.runSuitesSequentially(TestNG.java:1274)
at org.testng.TestNG.runSuitesLocally(TestNG.java:1208)
at org.testng.TestNG.runSuites(TestNG.java:1112)
at org.testng.TestNG.run(TestNG.java:1079)
at com.intellij.rt.testng.IDEARemoteTestNG.run(IDEARemoteTestNG.java:65)
at com.intellij.rt.testng.RemoteTestNGStarter.main(RemoteTestNGStarter.java:105)
]]>
            </full-stacktrace>
          </exception> <!-- java.lang.AssertionError -->
          <reporter-output>
          </reporter-output>
        </test-method> <!-- testSortingZtoA -->
        <test-method is-config="true" signature="delayBetweenTests()[pri:0, instance:integration_Testing.HomeTests@6b927fb]" started-at="2025-12-06T12:28:53 EET" name="delayBetweenTests" finished-at="2025-12-06T12:28:55 EET" duration-ms="2000" status="PASS">
          <reporter-output>
          </reporter-output>
        </test-method> <!-- delayBetweenTests -->
        <test-method is-config="true" signature="tearDown()[pri:0, instance:integration_Testing.HomeTests@6b927fb]" started-at="2025-12-06T12:28:55 EET" name="tearDown" finished-at="2025-12-06T12:28:55 EET" duration-ms="86" status="PASS">
          <reporter-output>
          </reporter-output>
        </test-method> <!-- tearDown -->
      </class> <!-- integration_Testing.HomeTests -->
    </test> <!-- LoginHomeTest.java -->
  </suite> <!-- Default Suite -->
</testng-results>
