<?xml version="1.0" encoding="UTF-8"?>
<!-- Generated by org.testng.reporters.JUnitXMLReporter -->
<testsuite ignored="0" hostname="mariam-Latitude-5480" failures="2" tests="30" name="LoginHomeTest.java" time="73.21" errors="0" timestamp="2025-12-06T13:11:20 EET">
  <testcase classname="integration_Testing.LoginTests" name="validLoginStandardUser" time="0.362"/>
  <testcase classname="integration_Testing.LoginTests" name="invalidUsername" time="0.377"/>
  <testcase classname="integration_Testing.LoginTests" name="invalidPassword" time="0.377"/>
  <testcase classname="integration_Testing.LoginTests" name="emptyUsernameAndPassword" time="0.186"/>
  <testcase classname="integration_Testing.LoginTests" name="emptyUsername" time="0.287"/>
  <testcase classname="integration_Testing.LoginTests" name="emptyPassword" time="0.288"/>
  <testcase classname="integration_Testing.LoginTests" name="lockedOutUser" time="0.363"/>
  <testcase classname="integration_Testing.LoginTests" name="problemUserLogin" time="0.359"/>
  <testcase classname="integration_Testing.LoginTests" name="performanceGlitchUser" time="5.367"/>
  <testcase classname="integration_Testing.LoginTests" name="closeErrorMessage" time="1.427"/>
  <testcase classname="integration_Testing.LoginTests" name="loginWithEnterOnUsername" time="0.316"/>
  <testcase classname="integration_Testing.LoginTests" name="loginWithEnterOnPassword" time="0.249"/>
  <testcase classname="integration_Testing.LoginTests" name="usernameWithLeadingSpaces" time="0.338"/>
  <testcase classname="integration_Testing.LoginTests" name="usernameWithTrailingSpaces" time="0.35"/>
  <testcase classname="integration_Testing.LoginTests" name="passwordWithLeadingSpaces" time="0.336"/>
  <testcase classname="integration_Testing.LoginTests" name="caseSensitiveUsername" time="0.356"/>
  <testcase classname="integration_Testing.LoginTests" name="caseSensitivePassword" time="0.357"/>
  <testcase classname="integration_Testing.LoginTests" name="specialCharactersUsername" time="0.379"/>
  <testcase classname="integration_Testing.LoginTests" name="sqlInjectionUsername" time="0.352"/>
  <testcase classname="integration_Testing.LoginTests" name="veryLongUsername" time="0.456"/>
  <testcase classname="integration_Testing.LoginTests" name="verifyLoginButtonClickable" time="0.045"/>
  <testcase classname="integration_Testing.LoginTests" name="verifyUsernameFieldProperties" time="0.064"/>
  <testcase classname="integration_Testing.LoginTests" name="verifyPasswordFieldProperties" time="0.059"/>
  <testcase classname="integration_Testing.LoginTests" name="verifyPageTitle" time="0.008"/>
  <testcase classname="integration_Testing.LoginTests" name="multipleFailedLoginAttempts" time="1.22"/>
  <testcase classname="integration_Testing.LoginTests" name="clearFieldsAndLogin" time="0.553">
    <failure type="java.lang.AssertionError" message="Login failed after clearing fields expected [true] but found [false]">
      <![CDATA[java.lang.AssertionError: Login failed after clearing fields expected [true] but found [false]
at integration_Testing.LoginTests.clearFieldsAndLogin(LoginTests.java:336)
at java.base/java.util.ArrayList.forEach(ArrayList.java:1511)
at com.intellij.rt.testng.IDEARemoteTestNG.run(IDEARemoteTestNG.java:65)
at com.intellij.rt.testng.RemoteTestNGStarter.main(RemoteTestNGStarter.java:105)
... Removed 27 stack frames]]>
    </failure>
  </testcase> <!-- clearFieldsAndLogin -->
  <testcase classname="integration_Testing.LoginTests" name="navigateBackAfterLogin" time="0.382">
    <failure type="java.lang.AssertionError" message="User was logged out after back navigation expected [true] but found [false]">
      <![CDATA[java.lang.AssertionError: User was logged out after back navigation expected [true] but found [false]
at integration_Testing.LoginTests.navigateBackAfterLogin(LoginTests.java:353)
at java.base/java.util.ArrayList.forEach(ArrayList.java:1511)
at com.intellij.rt.testng.IDEARemoteTestNG.run(IDEARemoteTestNG.java:65)
at com.intellij.rt.testng.RemoteTestNGStarter.main(RemoteTestNGStarter.java:105)
... Removed 27 stack frames]]>
    </failure>
  </testcase> <!-- navigateBackAfterLogin -->
  <testcase classname="integration_Testing.LoginTests" name="refreshAfterFailedLogin" time="0.579"/>
  <testcase classname="integration_Testing.LoginTests" name="visualUserLogin" time="0.356"/>
  <testcase classname="integration_Testing.LoginTests" name="errorUserLogin" time="0.362"/>
</testsuite> <!-- LoginHomeTest.java -->
