<?xml version="1.0" encoding="UTF-8"?>
<!-- Generated by org.testng.reporters.JUnitXMLReporter -->
<testsuite ignored="4" hostname="mariam-Latitude-5480" failures="12" tests="31" name="EndToEnd Flow" time="45.208" errors="0" timestamp="2025-12-11T14:07:07 EET">
  <testcase classname="end_to_end_testing.LoginHomeTest" name="closeSideBar" time="0.048">
    <failure type="org.testng.internal.reflect.MethodMatcherException" message="
[public void end_to_end_testing.LoginHomeTest.closeSideBar()] has no parameters defined but was found to be using a data provider (either explicitly specified or inherited from class level annotation).
Data provider mismatch
Method: closeSideBar([])
Arguments: [(java.lang.String) problem_user,(java.lang.String) secret_sauce]">
      <![CDATA[org.testng.internal.reflect.MethodMatcherException: 
[public void end_to_end_testing.LoginHomeTest.closeSideBar()] has no parameters defined but was found to be using a data provider (either explicitly specified or inherited from class level annotation).
Data provider mismatch
Method: closeSideBar([])
Arguments: [(java.lang.String) problem_user,(java.lang.String) secret_sauce]
at java.base/java.util.ArrayList.forEach(ArrayList.java:1511)
at com.intellij.rt.testng.IDEARemoteTestNG.run(IDEARemoteTestNG.java:65)
at com.intellij.rt.testng.RemoteTestNGStarter.main(RemoteTestNGStarter.java:105)
... Removed 19 stack frames]]>
    </failure>
  </testcase> <!-- closeSideBar -->
  <testcase classname="end_to_end_testing.LoginHomeTest" name="openSideBar" time="0.002">
    <failure type="org.testng.internal.reflect.MethodMatcherException" message="
[public void end_to_end_testing.LoginHomeTest.openSideBar()] has no parameters defined but was found to be using a data provider (either explicitly specified or inherited from class level annotation).
Data provider mismatch
Method: openSideBar([])
Arguments: [(java.lang.String) problem_user,(java.lang.String) secret_sauce]">
      <![CDATA[org.testng.internal.reflect.MethodMatcherException: 
[public void end_to_end_testing.LoginHomeTest.openSideBar()] has no parameters defined but was found to be using a data provider (either explicitly specified or inherited from class level annotation).
Data provider mismatch
Method: openSideBar([])
Arguments: [(java.lang.String) problem_user,(java.lang.String) secret_sauce]
at java.base/java.util.ArrayList.forEach(ArrayList.java:1511)
at com.intellij.rt.testng.IDEARemoteTestNG.run(IDEARemoteTestNG.java:65)
at com.intellij.rt.testng.RemoteTestNGStarter.main(RemoteTestNGStarter.java:105)
... Removed 19 stack frames]]>
    </failure>
  </testcase> <!-- openSideBar -->
  <testcase classname="end_to_end_testing.LoginHomeTest" name="login" time="2.375"/>
  <testcase classname="end_to_end_testing.LoginHomeTest" name="login" time="0.863"/>
  <testcase classname="end_to_end_testing.LoginHomeTest" name="testSideBarList" time="2.116"/>
  <testcase classname="end_to_end_testing.LoginHomeTest" name="testSideBarList" time="2.677"/>
  <testcase classname="end_to_end_testing.LoginHomeTest" name="testAllItemsLink" time="1.563"/>
  <testcase classname="end_to_end_testing.LoginHomeTest" name="testAllItemsLink" time="1.704"/>
  <testcase classname="end_to_end_testing.LoginHomeTest" name="testResetLink" time="1.62"/>
  <testcase classname="end_to_end_testing.LoginHomeTest" name="testResetLink" time="1.731"/>
  <testcase classname="end_to_end_testing.LoginHomeTest" name="testAboutLink" time="6.995"/>
  <testcase classname="end_to_end_testing.LoginHomeTest" name="testAboutLink" time="6.287"/>
  <testcase classname="end_to_end_testing.LoginHomeTest" name="delay" time="5.001"/>
  <testcase classname="end_to_end_testing.LoginHomeTest" name="delay" time="5.002"/>
  <testcase classname="end_to_end_testing.HomeProductCartTests" name="ViewDetailPageAndAddFirstProduct" time="0.502"/>
  <testcase classname="end_to_end_testing.HomeProductCartTests" name="ViewDetailPageAndAddFirstProduct" time="0.51"/>
  <testcase classname="end_to_end_testing.HomeProductCartTests" name="ViewDetailPageAndAddSecondProduct" time="0.474"/>
  <testcase classname="end_to_end_testing.HomeProductCartTests" name="ViewDetailPageAndAddSecondProduct" time="0.356"/>
  <testcase classname="end_to_end_testing.HomeProductCartTests" name="ViewDetailPageAndAddThirdProduct" time="1.596">
    <failure type="org.openqa.selenium.ElementClickInterceptedException" message="element click intercepted: Element &amp;lt;button class=&amp;quot;btn btn_secondary back btn_large inventory_details_back_button&amp;quot; data-test=&amp;quot;back-to-products&amp;quot; id=&amp;quot;back-to-products&amp;quot; name=&amp;quot;back-to-products&amp;quot;&amp;gt;...&amp;lt;/button&amp;gt; is not clickable at point (104, 85). Other element would receive the click: &amp;lt;nav class=&amp;quot;bm-item-list&amp;quot; style=&amp;quot;height: 100%;&amp;quot;&amp;gt;...&amp;lt;/nav&amp;gt;
  (Session info: chrome=143.0.7499.40)
Build info: version: &amp;apos;4.38.0&amp;apos;, revision: &amp;apos;6b412e825c*&amp;apos;
System info: os.name: &amp;apos;Linux&amp;apos;, os.arch: &amp;apos;amd64&amp;apos;, os.version: &amp;apos;6.8.0-87-generic&amp;apos;, java.version: &amp;apos;17.0.17&amp;apos;
Driver info: org.openqa.selenium.chrome.ChromeDriver
Command: [ab4094e09696ba8443e3587784ba0518, clickElement {id=f.F680BA0AEDE774E984E669E54DEC5DD4.d.0A1589A33BE17EBF670BCDE3D76BEECB.e.96}]
Capabilities {acceptInsecureCerts: false, browserName: chrome, browserVersion: 143.0.7499.40, chrome: {chromedriverVersion: 142.0.7444.175 (302067f14a4..., userDataDir: /tmp/.org.chromium.Chromium...}, fedcm:accounts: true, goog:chromeOptions: {debuggerAddress: localhost:42635}, goog:processID: 7708, networkConnectionEnabled: false, pageLoadStrategy: normal, platformName: linux, proxy: Proxy(), se:cdp: ws://localhost:42635/devtoo..., se:cdpVersion: 143.0.7499.40, setWindowRect: true, strictFileInteractability: false, timeouts: {implicit: 0, pageLoad: 300000, script: 30000}, unhandledPromptBehavior: dismiss and notify, webauthn:extension:credBlob: true, webauthn:extension:largeBlob: true, webauthn:extension:minPinLength: true, webauthn:extension:prf: true, webauthn:virtualAuthenticators: true}
Element: [[ChromeDriver: chrome on linux (ab4094e09696ba8443e3587784ba0518)] -&amp;gt; id: back-to-products]
Session ID: ab4094e09696ba8443e3587784ba0518">
      <![CDATA[org.openqa.selenium.ElementClickInterceptedException: element click intercepted: Element <button class="btn btn_secondary back btn_large inventory_details_back_button" data-test="back-to-products" id="back-to-products" name="back-to-products">...</button> is not clickable at point (104, 85). Other element would receive the click: <nav class="bm-item-list" style="height: 100%;">...</nav>
  (Session info: chrome=143.0.7499.40)
Build info: version: '4.38.0', revision: '6b412e825c*'
System info: os.name: 'Linux', os.arch: 'amd64', os.version: '6.8.0-87-generic', java.version: '17.0.17'
Driver info: org.openqa.selenium.chrome.ChromeDriver
Command: [ab4094e09696ba8443e3587784ba0518, clickElement {id=f.F680BA0AEDE774E984E669E54DEC5DD4.d.0A1589A33BE17EBF670BCDE3D76BEECB.e.96}]
Capabilities {acceptInsecureCerts: false, browserName: chrome, browserVersion: 143.0.7499.40, chrome: {chromedriverVersion: 142.0.7444.175 (302067f14a4..., userDataDir: /tmp/.org.chromium.Chromium...}, fedcm:accounts: true, goog:chromeOptions: {debuggerAddress: localhost:42635}, goog:processID: 7708, networkConnectionEnabled: false, pageLoadStrategy: normal, platformName: linux, proxy: Proxy(), se:cdp: ws://localhost:42635/devtoo..., se:cdpVersion: 143.0.7499.40, setWindowRect: true, strictFileInteractability: false, timeouts: {implicit: 0, pageLoad: 300000, script: 30000}, unhandledPromptBehavior: dismiss and notify, webauthn:extension:credBlob: true, webauthn:extension:largeBlob: true, webauthn:extension:minPinLength: true, webauthn:extension:prf: true, webauthn:virtualAuthenticators: true}
Element: [[ChromeDriver: chrome on linux (ab4094e09696ba8443e3587784ba0518)] -> id: back-to-products]
Session ID: ab4094e09696ba8443e3587784ba0518
at org.openqa.selenium.remote.ErrorCodec.decode(ErrorCodec.java:167)
at org.openqa.selenium.remote.codec.w3c.W3CHttpResponseCodec.decode(W3CHttpResponseCodec.java:138)
at org.openqa.selenium.remote.codec.w3c.W3CHttpResponseCodec.decode(W3CHttpResponseCodec.java:50)
at org.openqa.selenium.remote.HttpCommandExecutor.execute(HttpCommandExecutor.java:215)
at org.openqa.selenium.remote.service.DriverCommandExecutor.invokeExecute(DriverCommandExecutor.java:216)
at org.openqa.selenium.remote.service.DriverCommandExecutor.execute(DriverCommandExecutor.java:174)
at org.openqa.selenium.remote.RemoteWebDriver.execute(RemoteWebDriver.java:557)
at org.openqa.selenium.remote.RemoteWebElement.execute(RemoteWebElement.java:223)
at org.openqa.selenium.remote.RemoteWebElement.click(RemoteWebElement.java:76)
at end_to_end_testing.HomeProductCartTests.ViewDetailPageAndAddThirdProduct(HomeProductCartTests.java:97)
at java.base/java.util.ArrayList.forEach(ArrayList.java:1511)
at com.intellij.rt.testng.IDEARemoteTestNG.run(IDEARemoteTestNG.java:65)
at com.intellij.rt.testng.RemoteTestNGStarter.main(RemoteTestNGStarter.java:105)
... Removed 29 stack frames]]>
    </failure>
  </testcase> <!-- ViewDetailPageAndAddThirdProduct -->
  <testcase classname="end_to_end_testing.HomeProductCartTests" name="ViewDetailPageAndAddThirdProduct" time="0.024">
    <failure type="java.lang.IndexOutOfBoundsException" message="Index 2 out of bounds for length 0">
      <![CDATA[java.lang.IndexOutOfBoundsException: Index 2 out of bounds for length 0
at java.base/jdk.internal.util.Preconditions.outOfBounds(Preconditions.java:64)
at java.base/jdk.internal.util.Preconditions.outOfBoundsCheckIndex(Preconditions.java:70)
at java.base/jdk.internal.util.Preconditions.checkIndex(Preconditions.java:266)
at java.base/java.util.Objects.checkIndex(Objects.java:361)
at java.base/java.util.ArrayList.get(ArrayList.java:427)
at end_to_end_testing.HomeProductCartTests.ViewDetailPageAndAddThirdProduct(HomeProductCartTests.java:92)
at java.base/java.util.ArrayList.forEach(ArrayList.java:1511)
at com.intellij.rt.testng.IDEARemoteTestNG.run(IDEARemoteTestNG.java:65)
at com.intellij.rt.testng.RemoteTestNGStarter.main(RemoteTestNGStarter.java:105)
... Removed 24 stack frames]]>
    </failure>
  </testcase> <!-- ViewDetailPageAndAddThirdProduct -->
  <testcase classname="end_to_end_testing.HomeProductCartTests" name="removeProductAndVerifyCart" time="0.146">
    <failure type="java.lang.IllegalStateException" message="Cart is empty!">
      <![CDATA[java.lang.IllegalStateException: Cart is empty!
at end_to_end_testing.HomeProductCartTests.removeProductAndVerifyCart(HomeProductCartTests.java:59)
at java.base/java.util.ArrayList.forEach(ArrayList.java:1511)
at com.intellij.rt.testng.IDEARemoteTestNG.run(IDEARemoteTestNG.java:65)
at com.intellij.rt.testng.RemoteTestNGStarter.main(RemoteTestNGStarter.java:105)
... Removed 24 stack frames]]>
    </failure>
  </testcase> <!-- removeProductAndVerifyCart -->
  <testcase classname="end_to_end_testing.HomeProductCartTests" name="removeProductAndVerifyCart" time="0.233">
    <failure type="java.lang.IllegalStateException" message="Cart is empty!">
      <![CDATA[java.lang.IllegalStateException: Cart is empty!
at end_to_end_testing.HomeProductCartTests.removeProductAndVerifyCart(HomeProductCartTests.java:59)
at java.base/java.util.ArrayList.forEach(ArrayList.java:1511)
at com.intellij.rt.testng.IDEARemoteTestNG.run(IDEARemoteTestNG.java:65)
at com.intellij.rt.testng.RemoteTestNGStarter.main(RemoteTestNGStarter.java:105)
... Removed 24 stack frames]]>
    </failure>
  </testcase> <!-- removeProductAndVerifyCart -->
  <testcase classname="end_to_end_testing.HomeProductCartTests" name="FilterPriceLowToHighAndVerify" time="0.063">
    <failure type="org.openqa.selenium.NoSuchElementException" message="no such element: Unable to locate element: {&amp;quot;method&amp;quot;:&amp;quot;css selector&amp;quot;,&amp;quot;selector&amp;quot;:&amp;quot;.product_sort_container&amp;quot;}
  (Session info: chrome=143.0.7499.40)
For documentation on this error, please visit: https://www.selenium.dev/documentation/webdriver/troubleshooting/errors#nosuchelementexception
Build info: version: &amp;apos;4.38.0&amp;apos;, revision: &amp;apos;6b412e825c*&amp;apos;
System info: os.name: &amp;apos;Linux&amp;apos;, os.arch: &amp;apos;amd64&amp;apos;, os.version: &amp;apos;6.8.0-87-generic&amp;apos;, java.version: &amp;apos;17.0.17&amp;apos;
Driver info: org.openqa.selenium.chrome.ChromeDriver
Command: [ab4094e09696ba8443e3587784ba0518, findElement {value=product_sort_container, using=class name}]
Capabilities {acceptInsecureCerts: false, browserName: chrome, browserVersion: 143.0.7499.40, chrome: {chromedriverVersion: 142.0.7444.175 (302067f14a4..., userDataDir: /tmp/.org.chromium.Chromium...}, fedcm:accounts: true, goog:chromeOptions: {debuggerAddress: localhost:42635}, goog:processID: 7708, networkConnectionEnabled: false, pageLoadStrategy: normal, platformName: linux, proxy: Proxy(), se:cdp: ws://localhost:42635/devtoo..., se:cdpVersion: 143.0.7499.40, setWindowRect: true, strictFileInteractability: false, timeouts: {implicit: 0, pageLoad: 300000, script: 30000}, unhandledPromptBehavior: dismiss and notify, webauthn:extension:credBlob: true, webauthn:extension:largeBlob: true, webauthn:extension:minPinLength: true, webauthn:extension:prf: true, webauthn:virtualAuthenticators: true}
Session ID: ab4094e09696ba8443e3587784ba0518">
      <![CDATA[org.openqa.selenium.NoSuchElementException: no such element: Unable to locate element: {"method":"css selector","selector":".product_sort_container"}
  (Session info: chrome=143.0.7499.40)
For documentation on this error, please visit: https://www.selenium.dev/documentation/webdriver/troubleshooting/errors#nosuchelementexception
Build info: version: '4.38.0', revision: '6b412e825c*'
System info: os.name: 'Linux', os.arch: 'amd64', os.version: '6.8.0-87-generic', java.version: '17.0.17'
Driver info: org.openqa.selenium.chrome.ChromeDriver
Command: [ab4094e09696ba8443e3587784ba0518, findElement {value=product_sort_container, using=class name}]
Capabilities {acceptInsecureCerts: false, browserName: chrome, browserVersion: 143.0.7499.40, chrome: {chromedriverVersion: 142.0.7444.175 (302067f14a4..., userDataDir: /tmp/.org.chromium.Chromium...}, fedcm:accounts: true, goog:chromeOptions: {debuggerAddress: localhost:42635}, goog:processID: 7708, networkConnectionEnabled: false, pageLoadStrategy: normal, platformName: linux, proxy: Proxy(), se:cdp: ws://localhost:42635/devtoo..., se:cdpVersion: 143.0.7499.40, setWindowRect: true, strictFileInteractability: false, timeouts: {implicit: 0, pageLoad: 300000, script: 30000}, unhandledPromptBehavior: dismiss and notify, webauthn:extension:credBlob: true, webauthn:extension:largeBlob: true, webauthn:extension:minPinLength: true, webauthn:extension:prf: true, webauthn:virtualAuthenticators: true}
Session ID: ab4094e09696ba8443e3587784ba0518
at org.openqa.selenium.remote.ErrorCodec.decode(ErrorCodec.java:167)
at org.openqa.selenium.remote.codec.w3c.W3CHttpResponseCodec.decode(W3CHttpResponseCodec.java:138)
at org.openqa.selenium.remote.codec.w3c.W3CHttpResponseCodec.decode(W3CHttpResponseCodec.java:50)
at org.openqa.selenium.remote.HttpCommandExecutor.execute(HttpCommandExecutor.java:215)
at org.openqa.selenium.remote.service.DriverCommandExecutor.invokeExecute(DriverCommandExecutor.java:216)
at org.openqa.selenium.remote.service.DriverCommandExecutor.execute(DriverCommandExecutor.java:174)
at org.openqa.selenium.remote.RemoteWebDriver.execute(RemoteWebDriver.java:557)
at org.openqa.selenium.remote.ElementLocation$ElementFinder$2.findElement(ElementLocation.java:165)
at org.openqa.selenium.remote.ElementLocation.findElement(ElementLocation.java:59)
at org.openqa.selenium.remote.RemoteWebDriver.findElement(RemoteWebDriver.java:380)
at org.openqa.selenium.remote.RemoteWebDriver.findElement(RemoteWebDriver.java:374)
at integration_Testing.HomePage.getSortDropdown(HomePage.java:63)
at integration_Testing.HomePage.selectSortOption(HomePage.java:74)
at end_to_end_testing.HomeProductCartTests.FilterPriceLowToHighAndVerify(HomeProductCartTests.java:112)
at java.base/java.util.ArrayList.forEach(ArrayList.java:1511)
at com.intellij.rt.testng.IDEARemoteTestNG.run(IDEARemoteTestNG.java:65)
at com.intellij.rt.testng.RemoteTestNGStarter.main(RemoteTestNGStarter.java:105)
... Removed 29 stack frames]]>
    </failure>
  </testcase> <!-- FilterPriceLowToHighAndVerify -->
  <testcase classname="end_to_end_testing.HomeProductCartTests" name="FilterPriceLowToHighAndVerify" time="0.034">
    <failure type="org.openqa.selenium.NoSuchElementException" message="no such element: Unable to locate element: {&amp;quot;method&amp;quot;:&amp;quot;css selector&amp;quot;,&amp;quot;selector&amp;quot;:&amp;quot;.product_sort_container&amp;quot;}
  (Session info: chrome=143.0.7499.40)
For documentation on this error, please visit: https://www.selenium.dev/documentation/webdriver/troubleshooting/errors#nosuchelementexception
Build info: version: &amp;apos;4.38.0&amp;apos;, revision: &amp;apos;6b412e825c*&amp;apos;
System info: os.name: &amp;apos;Linux&amp;apos;, os.arch: &amp;apos;amd64&amp;apos;, os.version: &amp;apos;6.8.0-87-generic&amp;apos;, java.version: &amp;apos;17.0.17&amp;apos;
Driver info: org.openqa.selenium.chrome.ChromeDriver
Command: [ab4094e09696ba8443e3587784ba0518, findElement {value=product_sort_container, using=class name}]
Capabilities {acceptInsecureCerts: false, browserName: chrome, browserVersion: 143.0.7499.40, chrome: {chromedriverVersion: 142.0.7444.175 (302067f14a4..., userDataDir: /tmp/.org.chromium.Chromium...}, fedcm:accounts: true, goog:chromeOptions: {debuggerAddress: localhost:42635}, goog:processID: 7708, networkConnectionEnabled: false, pageLoadStrategy: normal, platformName: linux, proxy: Proxy(), se:cdp: ws://localhost:42635/devtoo..., se:cdpVersion: 143.0.7499.40, setWindowRect: true, strictFileInteractability: false, timeouts: {implicit: 0, pageLoad: 300000, script: 30000}, unhandledPromptBehavior: dismiss and notify, webauthn:extension:credBlob: true, webauthn:extension:largeBlob: true, webauthn:extension:minPinLength: true, webauthn:extension:prf: true, webauthn:virtualAuthenticators: true}
Session ID: ab4094e09696ba8443e3587784ba0518">
      <![CDATA[org.openqa.selenium.NoSuchElementException: no such element: Unable to locate element: {"method":"css selector","selector":".product_sort_container"}
  (Session info: chrome=143.0.7499.40)
For documentation on this error, please visit: https://www.selenium.dev/documentation/webdriver/troubleshooting/errors#nosuchelementexception
Build info: version: '4.38.0', revision: '6b412e825c*'
System info: os.name: 'Linux', os.arch: 'amd64', os.version: '6.8.0-87-generic', java.version: '17.0.17'
Driver info: org.openqa.selenium.chrome.ChromeDriver
Command: [ab4094e09696ba8443e3587784ba0518, findElement {value=product_sort_container, using=class name}]
Capabilities {acceptInsecureCerts: false, browserName: chrome, browserVersion: 143.0.7499.40, chrome: {chromedriverVersion: 142.0.7444.175 (302067f14a4..., userDataDir: /tmp/.org.chromium.Chromium...}, fedcm:accounts: true, goog:chromeOptions: {debuggerAddress: localhost:42635}, goog:processID: 7708, networkConnectionEnabled: false, pageLoadStrategy: normal, platformName: linux, proxy: Proxy(), se:cdp: ws://localhost:42635/devtoo..., se:cdpVersion: 143.0.7499.40, setWindowRect: true, strictFileInteractability: false, timeouts: {implicit: 0, pageLoad: 300000, script: 30000}, unhandledPromptBehavior: dismiss and notify, webauthn:extension:credBlob: true, webauthn:extension:largeBlob: true, webauthn:extension:minPinLength: true, webauthn:extension:prf: true, webauthn:virtualAuthenticators: true}
Session ID: ab4094e09696ba8443e3587784ba0518
at org.openqa.selenium.remote.ErrorCodec.decode(ErrorCodec.java:167)
at org.openqa.selenium.remote.codec.w3c.W3CHttpResponseCodec.decode(W3CHttpResponseCodec.java:138)
at org.openqa.selenium.remote.codec.w3c.W3CHttpResponseCodec.decode(W3CHttpResponseCodec.java:50)
at org.openqa.selenium.remote.HttpCommandExecutor.execute(HttpCommandExecutor.java:215)
at org.openqa.selenium.remote.service.DriverCommandExecutor.invokeExecute(DriverCommandExecutor.java:216)
at org.openqa.selenium.remote.service.DriverCommandExecutor.execute(DriverCommandExecutor.java:174)
at org.openqa.selenium.remote.RemoteWebDriver.execute(RemoteWebDriver.java:557)
at org.openqa.selenium.remote.ElementLocation$ElementFinder$2.findElement(ElementLocation.java:165)
at org.openqa.selenium.remote.ElementLocation.findElement(ElementLocation.java:59)
at org.openqa.selenium.remote.RemoteWebDriver.findElement(RemoteWebDriver.java:380)
at org.openqa.selenium.remote.RemoteWebDriver.findElement(RemoteWebDriver.java:374)
at integration_Testing.HomePage.getSortDropdown(HomePage.java:63)
at integration_Testing.HomePage.selectSortOption(HomePage.java:74)
at end_to_end_testing.HomeProductCartTests.FilterPriceLowToHighAndVerify(HomeProductCartTests.java:112)
at java.base/java.util.ArrayList.forEach(ArrayList.java:1511)
at com.intellij.rt.testng.IDEARemoteTestNG.run(IDEARemoteTestNG.java:65)
at com.intellij.rt.testng.RemoteTestNGStarter.main(RemoteTestNGStarter.java:105)
... Removed 29 stack frames]]>
    </failure>
  </testcase> <!-- FilterPriceLowToHighAndVerify -->
  <testcase classname="end_to_end_testing.HomeProductCartTests" name="FilterZToAAndVerify" time="0.033">
    <failure type="org.openqa.selenium.NoSuchElementException" message="no such element: Unable to locate element: {&amp;quot;method&amp;quot;:&amp;quot;css selector&amp;quot;,&amp;quot;selector&amp;quot;:&amp;quot;.product_sort_container&amp;quot;}
  (Session info: chrome=143.0.7499.40)
For documentation on this error, please visit: https://www.selenium.dev/documentation/webdriver/troubleshooting/errors#nosuchelementexception
Build info: version: &amp;apos;4.38.0&amp;apos;, revision: &amp;apos;6b412e825c*&amp;apos;
System info: os.name: &amp;apos;Linux&amp;apos;, os.arch: &amp;apos;amd64&amp;apos;, os.version: &amp;apos;6.8.0-87-generic&amp;apos;, java.version: &amp;apos;17.0.17&amp;apos;
Driver info: org.openqa.selenium.chrome.ChromeDriver
Command: [ab4094e09696ba8443e3587784ba0518, findElement {value=product_sort_container, using=class name}]
Capabilities {acceptInsecureCerts: false, browserName: chrome, browserVersion: 143.0.7499.40, chrome: {chromedriverVersion: 142.0.7444.175 (302067f14a4..., userDataDir: /tmp/.org.chromium.Chromium...}, fedcm:accounts: true, goog:chromeOptions: {debuggerAddress: localhost:42635}, goog:processID: 7708, networkConnectionEnabled: false, pageLoadStrategy: normal, platformName: linux, proxy: Proxy(), se:cdp: ws://localhost:42635/devtoo..., se:cdpVersion: 143.0.7499.40, setWindowRect: true, strictFileInteractability: false, timeouts: {implicit: 0, pageLoad: 300000, script: 30000}, unhandledPromptBehavior: dismiss and notify, webauthn:extension:credBlob: true, webauthn:extension:largeBlob: true, webauthn:extension:minPinLength: true, webauthn:extension:prf: true, webauthn:virtualAuthenticators: true}
Session ID: ab4094e09696ba8443e3587784ba0518">
      <![CDATA[org.openqa.selenium.NoSuchElementException: no such element: Unable to locate element: {"method":"css selector","selector":".product_sort_container"}
  (Session info: chrome=143.0.7499.40)
For documentation on this error, please visit: https://www.selenium.dev/documentation/webdriver/troubleshooting/errors#nosuchelementexception
Build info: version: '4.38.0', revision: '6b412e825c*'
System info: os.name: 'Linux', os.arch: 'amd64', os.version: '6.8.0-87-generic', java.version: '17.0.17'
Driver info: org.openqa.selenium.chrome.ChromeDriver
Command: [ab4094e09696ba8443e3587784ba0518, findElement {value=product_sort_container, using=class name}]
Capabilities {acceptInsecureCerts: false, browserName: chrome, browserVersion: 143.0.7499.40, chrome: {chromedriverVersion: 142.0.7444.175 (302067f14a4..., userDataDir: /tmp/.org.chromium.Chromium...}, fedcm:accounts: true, goog:chromeOptions: {debuggerAddress: localhost:42635}, goog:processID: 7708, networkConnectionEnabled: false, pageLoadStrategy: normal, platformName: linux, proxy: Proxy(), se:cdp: ws://localhost:42635/devtoo..., se:cdpVersion: 143.0.7499.40, setWindowRect: true, strictFileInteractability: false, timeouts: {implicit: 0, pageLoad: 300000, script: 30000}, unhandledPromptBehavior: dismiss and notify, webauthn:extension:credBlob: true, webauthn:extension:largeBlob: true, webauthn:extension:minPinLength: true, webauthn:extension:prf: true, webauthn:virtualAuthenticators: true}
Session ID: ab4094e09696ba8443e3587784ba0518
at org.openqa.selenium.remote.ErrorCodec.decode(ErrorCodec.java:167)
at org.openqa.selenium.remote.codec.w3c.W3CHttpResponseCodec.decode(W3CHttpResponseCodec.java:138)
at org.openqa.selenium.remote.codec.w3c.W3CHttpResponseCodec.decode(W3CHttpResponseCodec.java:50)
at org.openqa.selenium.remote.HttpCommandExecutor.execute(HttpCommandExecutor.java:215)
at org.openqa.selenium.remote.service.DriverCommandExecutor.invokeExecute(DriverCommandExecutor.java:216)
at org.openqa.selenium.remote.service.DriverCommandExecutor.execute(DriverCommandExecutor.java:174)
at org.openqa.selenium.remote.RemoteWebDriver.execute(RemoteWebDriver.java:557)
at org.openqa.selenium.remote.ElementLocation$ElementFinder$2.findElement(ElementLocation.java:165)
at org.openqa.selenium.remote.ElementLocation.findElement(ElementLocation.java:59)
at org.openqa.selenium.remote.RemoteWebDriver.findElement(RemoteWebDriver.java:380)
at org.openqa.selenium.remote.RemoteWebDriver.findElement(RemoteWebDriver.java:374)
at integration_Testing.HomePage.getSortDropdown(HomePage.java:63)
at end_to_end_testing.HomeProductCartTests.FilterZToAAndVerify(HomeProductCartTests.java:136)
at java.base/java.util.ArrayList.forEach(ArrayList.java:1511)
at com.intellij.rt.testng.IDEARemoteTestNG.run(IDEARemoteTestNG.java:65)
at com.intellij.rt.testng.RemoteTestNGStarter.main(RemoteTestNGStarter.java:105)
... Removed 29 stack frames]]>
    </failure>
  </testcase> <!-- FilterZToAAndVerify -->
  <testcase classname="end_to_end_testing.HomeProductCartTests" name="FilterZToAAndVerify" time="0.031">
    <failure type="org.openqa.selenium.NoSuchElementException" message="no such element: Unable to locate element: {&amp;quot;method&amp;quot;:&amp;quot;css selector&amp;quot;,&amp;quot;selector&amp;quot;:&amp;quot;.product_sort_container&amp;quot;}
  (Session info: chrome=143.0.7499.40)
For documentation on this error, please visit: https://www.selenium.dev/documentation/webdriver/troubleshooting/errors#nosuchelementexception
Build info: version: &amp;apos;4.38.0&amp;apos;, revision: &amp;apos;6b412e825c*&amp;apos;
System info: os.name: &amp;apos;Linux&amp;apos;, os.arch: &amp;apos;amd64&amp;apos;, os.version: &amp;apos;6.8.0-87-generic&amp;apos;, java.version: &amp;apos;17.0.17&amp;apos;
Driver info: org.openqa.selenium.chrome.ChromeDriver
Command: [ab4094e09696ba8443e3587784ba0518, findElement {value=product_sort_container, using=class name}]
Capabilities {acceptInsecureCerts: false, browserName: chrome, browserVersion: 143.0.7499.40, chrome: {chromedriverVersion: 142.0.7444.175 (302067f14a4..., userDataDir: /tmp/.org.chromium.Chromium...}, fedcm:accounts: true, goog:chromeOptions: {debuggerAddress: localhost:42635}, goog:processID: 7708, networkConnectionEnabled: false, pageLoadStrategy: normal, platformName: linux, proxy: Proxy(), se:cdp: ws://localhost:42635/devtoo..., se:cdpVersion: 143.0.7499.40, setWindowRect: true, strictFileInteractability: false, timeouts: {implicit: 0, pageLoad: 300000, script: 30000}, unhandledPromptBehavior: dismiss and notify, webauthn:extension:credBlob: true, webauthn:extension:largeBlob: true, webauthn:extension:minPinLength: true, webauthn:extension:prf: true, webauthn:virtualAuthenticators: true}
Session ID: ab4094e09696ba8443e3587784ba0518">
      <![CDATA[org.openqa.selenium.NoSuchElementException: no such element: Unable to locate element: {"method":"css selector","selector":".product_sort_container"}
  (Session info: chrome=143.0.7499.40)
For documentation on this error, please visit: https://www.selenium.dev/documentation/webdriver/troubleshooting/errors#nosuchelementexception
Build info: version: '4.38.0', revision: '6b412e825c*'
System info: os.name: 'Linux', os.arch: 'amd64', os.version: '6.8.0-87-generic', java.version: '17.0.17'
Driver info: org.openqa.selenium.chrome.ChromeDriver
Command: [ab4094e09696ba8443e3587784ba0518, findElement {value=product_sort_container, using=class name}]
Capabilities {acceptInsecureCerts: false, browserName: chrome, browserVersion: 143.0.7499.40, chrome: {chromedriverVersion: 142.0.7444.175 (302067f14a4..., userDataDir: /tmp/.org.chromium.Chromium...}, fedcm:accounts: true, goog:chromeOptions: {debuggerAddress: localhost:42635}, goog:processID: 7708, networkConnectionEnabled: false, pageLoadStrategy: normal, platformName: linux, proxy: Proxy(), se:cdp: ws://localhost:42635/devtoo..., se:cdpVersion: 143.0.7499.40, setWindowRect: true, strictFileInteractability: false, timeouts: {implicit: 0, pageLoad: 300000, script: 30000}, unhandledPromptBehavior: dismiss and notify, webauthn:extension:credBlob: true, webauthn:extension:largeBlob: true, webauthn:extension:minPinLength: true, webauthn:extension:prf: true, webauthn:virtualAuthenticators: true}
Session ID: ab4094e09696ba8443e3587784ba0518
at org.openqa.selenium.remote.ErrorCodec.decode(ErrorCodec.java:167)
at org.openqa.selenium.remote.codec.w3c.W3CHttpResponseCodec.decode(W3CHttpResponseCodec.java:138)
at org.openqa.selenium.remote.codec.w3c.W3CHttpResponseCodec.decode(W3CHttpResponseCodec.java:50)
at org.openqa.selenium.remote.HttpCommandExecutor.execute(HttpCommandExecutor.java:215)
at org.openqa.selenium.remote.service.DriverCommandExecutor.invokeExecute(DriverCommandExecutor.java:216)
at org.openqa.selenium.remote.service.DriverCommandExecutor.execute(DriverCommandExecutor.java:174)
at org.openqa.selenium.remote.RemoteWebDriver.execute(RemoteWebDriver.java:557)
at org.openqa.selenium.remote.ElementLocation$ElementFinder$2.findElement(ElementLocation.java:165)
at org.openqa.selenium.remote.ElementLocation.findElement(ElementLocation.java:59)
at org.openqa.selenium.remote.RemoteWebDriver.findElement(RemoteWebDriver.java:380)
at org.openqa.selenium.remote.RemoteWebDriver.findElement(RemoteWebDriver.java:374)
at integration_Testing.HomePage.getSortDropdown(HomePage.java:63)
at end_to_end_testing.HomeProductCartTests.FilterZToAAndVerify(HomeProductCartTests.java:136)
at java.base/java.util.ArrayList.forEach(ArrayList.java:1511)
at com.intellij.rt.testng.IDEARemoteTestNG.run(IDEARemoteTestNG.java:65)
at com.intellij.rt.testng.RemoteTestNGStarter.main(RemoteTestNGStarter.java:105)
... Removed 29 stack frames]]>
    </failure>
  </testcase> <!-- FilterZToAAndVerify -->
  <testcase classname="end_to_end_testing.HomeProductCartTests" name="ResetAppState" time="0.046">
    <failure type="java.lang.IndexOutOfBoundsException" message="Index 0 out of bounds for length 0">
      <![CDATA[java.lang.IndexOutOfBoundsException: Index 0 out of bounds for length 0
at java.base/jdk.internal.util.Preconditions.outOfBounds(Preconditions.java:64)
at java.base/jdk.internal.util.Preconditions.outOfBoundsCheckIndex(Preconditions.java:70)
at java.base/jdk.internal.util.Preconditions.checkIndex(Preconditions.java:266)
at java.base/java.util.Objects.checkIndex(Objects.java:361)
at java.base/java.util.ArrayList.get(ArrayList.java:427)
at integration_Testing.HomePage.addItemToCart(HomePage.java:45)
at end_to_end_testing.HomeProductCartTests.ResetAppState(HomeProductCartTests.java:156)
at java.base/java.util.ArrayList.forEach(ArrayList.java:1511)
at com.intellij.rt.testng.IDEARemoteTestNG.run(IDEARemoteTestNG.java:65)
at com.intellij.rt.testng.RemoteTestNGStarter.main(RemoteTestNGStarter.java:105)
... Removed 24 stack frames]]>
    </failure>
  </testcase> <!-- ResetAppState -->
  <testcase classname="end_to_end_testing.HomeProductCartTests" name="ResetAppState" time="0.017">
    <failure type="java.lang.IndexOutOfBoundsException" message="Index 0 out of bounds for length 0">
      <![CDATA[java.lang.IndexOutOfBoundsException: Index 0 out of bounds for length 0
at java.base/jdk.internal.util.Preconditions.outOfBounds(Preconditions.java:64)
at java.base/jdk.internal.util.Preconditions.outOfBoundsCheckIndex(Preconditions.java:70)
at java.base/jdk.internal.util.Preconditions.checkIndex(Preconditions.java:266)
at java.base/java.util.Objects.checkIndex(Objects.java:361)
at java.base/java.util.ArrayList.get(ArrayList.java:427)
at integration_Testing.HomePage.addItemToCart(HomePage.java:45)
at end_to_end_testing.HomeProductCartTests.ResetAppState(HomeProductCartTests.java:156)
at java.base/java.util.ArrayList.forEach(ArrayList.java:1511)
at com.intellij.rt.testng.IDEARemoteTestNG.run(IDEARemoteTestNG.java:65)
at com.intellij.rt.testng.RemoteTestNGStarter.main(RemoteTestNGStarter.java:105)
... Removed 24 stack frames]]>
    </failure>
  </testcase> <!-- ResetAppState -->
  <testcase classname="end_to_end_testing.CartCheckOutTests" name="checkoutFlowMissingLastName" time="0.951"/>
  <testcase classname="end_to_end_testing.CartCheckOutTests" name="checkoutFlowMissingPostalCode" time="0.765"/>
  <testcase classname="end_to_end_testing.CartCheckOutTests" name="checkoutFlowValidUser" time="1.184"/>
  <testcase classname="end_to_end_testing.BaseTest" name="@AfterSuite quitDriver" time="0.0">
    <ignored/>
  </testcase> <!-- @AfterSuite quitDriver -->
  <testcase classname="end_to_end_testing.BaseTest" name="@AfterSuite quitDriver" time="0.0">
    <ignored/>
  </testcase> <!-- @AfterSuite quitDriver -->
  <testcase classname="end_to_end_testing.BaseTest" name="@BeforeSuite setupDriver" time="0.0">
    <ignored/>
  </testcase> <!-- @BeforeSuite setupDriver -->
  <testcase classname="end_to_end_testing.BaseTest" name="@BeforeSuite setupDriver" time="0.0">
    <ignored/>
  </testcase> <!-- @BeforeSuite setupDriver -->
</testsuite> <!-- EndToEnd Flow -->
