<?xml version="1.0" encoding="UTF-8"?>
<!-- Generated by org.testng.reporters.JUnitXMLReporter -->
<testsuite ignored="0" hostname="mariam-Latitude-5480" failures="2" tests="9" name="LoginHomeTest.java" time="22.712" errors="0" timestamp="2025-12-06T12:28:55 EET">
  <testcase classname="integration_Testing.HomeTests" name="addAndRemoveItemFromCart" time="0.231">
    <failure type="java.lang.AssertionError" message="Cart counter did not update after removing! expected [0] but found [1]">
      <![CDATA[java.lang.AssertionError: Cart counter did not update after removing! expected [0] but found [1]
at integration_Testing.HomeTests.addAndRemoveItemFromCart(HomeTests.java:133)
at java.base/java.util.ArrayList.forEach(ArrayList.java:1511)
at com.intellij.rt.testng.IDEARemoteTestNG.run(IDEARemoteTestNG.java:65)
at com.intellij.rt.testng.RemoteTestNGStarter.main(RemoteTestNGStarter.java:105)
... Removed 29 stack frames]]>
    </failure>
  </testcase> <!-- addAndRemoveItemFromCart -->
  <testcase classname="integration_Testing.HomeTests" name="addItemToCartTest" time="0.107"/>
  <testcase classname="integration_Testing.HomeTests" name="cartIconExists" time="0.075"/>
  <testcase classname="integration_Testing.HomeTests" name="checkAllProductNamesDisplayed" time="0.022"/>
  <testcase classname="integration_Testing.HomeTests" name="checkPricesDisplayed" time="0.017"/>
  <testcase classname="integration_Testing.HomeTests" name="checkProductCount" time="0.011"/>
  <testcase classname="integration_Testing.HomeTests" name="checkProductImagesDisplayed" time="0.045"/>
  <testcase classname="integration_Testing.HomeTests" name="testSortingAtoZ" time="0.213"/>
  <testcase classname="integration_Testing.HomeTests" name="testSortingZtoA" time="0.162">
    <failure type="java.lang.AssertionError" message="Sorting dropdown value is incorrect! expected [Name (Z to A)] but found [Name (A to Z)]">
      <![CDATA[java.lang.AssertionError: Sorting dropdown value is incorrect! expected [Name (Z to A)] but found [Name (A to Z)]
at integration_Testing.HomeTests.testSortingZtoA(HomeTests.java:69)
at java.base/java.util.ArrayList.forEach(ArrayList.java:1511)
at com.intellij.rt.testng.IDEARemoteTestNG.run(IDEARemoteTestNG.java:65)
at com.intellij.rt.testng.RemoteTestNGStarter.main(RemoteTestNGStarter.java:105)
... Removed 29 stack frames]]>
    </failure>
  </testcase> <!-- testSortingZtoA -->
</testsuite> <!-- LoginHomeTest.java -->
