<?xml version="1.0" encoding="UTF-8"?>
<!-- Generated by org.testng.reporters.JUnitXMLReporter -->
<testsuite ignored="0" hostname="mariam-Latitude-5480" failures="0" tests="15" name="LoginHomeTest.java" time="87.185" errors="0" timestamp="2025-12-06T12:19:54 EET">
  <testcase classname="integration_Testing.CartTest" name="TC1_AddSingleProductToCart" time="0.598"/>
  <testcase classname="integration_Testing.CartTest" name="TC2_AddMultipleDifferentProducts" time="0.815"/>
  <testcase classname="integration_Testing.CartTest" name="TC3_RemoveProductFromCart" time="0.944"/>
  <testcase classname="integration_Testing.CartTest" name="TC4_VerifyButtonChangeAfterAdd" time="0.518"/>
  <testcase classname="integration_Testing.CartTest" name="TC5_VerifyTotalPriceCalculation" time="1.427"/>
  <testcase classname="integration_Testing.CartTest" name="TC6_VerifyCartIconUpdatesCount" time="0.921"/>
  <testcase classname="integration_Testing.CartTest" name="TC7_CheckCartAfterLogoutAndLogin" time="1.959"/>
  <testcase classname="integration_Testing.CartTest" name="TC8_CheckCartPersistenceAcrossPages" time="2.267"/>
  <testcase classname="integration_Testing.CartTest" name="TC9_AddSameProductMultipleTimes" time="0.328"/>
  <testcase classname="integration_Testing.CartTest" name="TC10_RemoveAllItems" time="0.788"/>
  <testcase classname="integration_Testing.CartTest" name="TC11_AddProductThenCheckout" time="0.563"/>
  <testcase classname="integration_Testing.CartTest" name="TC12_AddProductAndNavigateBackToInventory" time="0.744"/>
  <testcase classname="integration_Testing.CartTest" name="TC13_VerifyCartUIElements" time="0.312"/>
  <testcase classname="integration_Testing.CartTest" name="TC14_VerifyEmptyCartMessage" time="0.321"/>
  <testcase classname="integration_Testing.CartTest" name="TC15_AddMaximumQuantity" time="0.844"/>
</testsuite> <!-- LoginHomeTest.java -->
