<?xml version="1.0" encoding="UTF-8"?>
<!-- Generated by org.testng.reporters.JUnitReportReporter -->
<testsuite hostname="mariam-Latitude-5480" failures="2" tests="30" name="integration_Testing.LoginTests" time="73.118" errors="0" timestamp="2025-12-06T13:11:20 EET" skipped="0">
  <testcase classname="integration_Testing.LoginTests" name="validLoginStandardUser" time="2.577"/>
  <testcase classname="integration_Testing.LoginTests" name="invalidUsername" time="1.747"/>
  <testcase classname="integration_Testing.LoginTests" name="invalidPassword" time="1.818"/>
  <testcase classname="integration_Testing.LoginTests" name="emptyUsernameAndPassword" time="1.546"/>
  <testcase classname="integration_Testing.LoginTests" name="emptyUsername" time="2.237"/>
  <testcase classname="integration_Testing.LoginTests" name="emptyPassword" time="2.123"/>
  <testcase classname="integration_Testing.LoginTests" name="lockedOutUser" time="2.485"/>
  <testcase classname="integration_Testing.LoginTests" name="problemUserLogin" time="3.851"/>
  <testcase classname="integration_Testing.LoginTests" name="performanceGlitchUser" time="7.587"/>
  <testcase classname="integration_Testing.LoginTests" name="closeErrorMessage" time="3.266"/>
  <testcase classname="integration_Testing.LoginTests" name="loginWithEnterOnUsername" time="1.924"/>
  <testcase classname="integration_Testing.LoginTests" name="loginWithEnterOnPassword" time="1.687"/>
  <testcase classname="integration_Testing.LoginTests" name="usernameWithLeadingSpaces" time="1.721"/>
  <testcase classname="integration_Testing.LoginTests" name="usernameWithTrailingSpaces" time="1.765"/>
  <testcase classname="integration_Testing.LoginTests" name="passwordWithLeadingSpaces" time="1.696"/>
  <testcase classname="integration_Testing.LoginTests" name="caseSensitiveUsername" time="1.714"/>
  <testcase classname="integration_Testing.LoginTests" name="caseSensitivePassword" time="1.744"/>
  <testcase classname="integration_Testing.LoginTests" name="specialCharactersUsername" time="1.761"/>
  <testcase classname="integration_Testing.LoginTests" name="sqlInjectionUsername" time="1.745"/>
  <testcase classname="integration_Testing.LoginTests" name="veryLongUsername" time="3.826"/>
  <testcase classname="integration_Testing.LoginTests" name="verifyLoginButtonClickable" time="4.625"/>
  <testcase classname="integration_Testing.LoginTests" name="verifyUsernameFieldProperties" time="3.608"/>
  <testcase classname="integration_Testing.LoginTests" name="verifyPasswordFieldProperties" time="1.477"/>
  <testcase classname="integration_Testing.LoginTests" name="verifyPageTitle" time="1.407"/>
  <testcase classname="integration_Testing.LoginTests" name="multipleFailedLoginAttempts" time="2.593"/>
  <testcase classname="integration_Testing.LoginTests" name="clearFieldsAndLogin" time="1.924">
    <failure message="Login failed after clearing fields expected [true] but found [false]" type="java.lang.AssertionError">
      <![CDATA[java.lang.AssertionError: Login failed after clearing fields expected [true] but found [false]
at org.testng.Assert.fail(Assert.java:111)
at org.testng.Assert.failNotEquals(Assert.java:1590)
at org.testng.Assert.assertTrue(Assert.java:57)
at integration_Testing.LoginTests.clearFieldsAndLogin(LoginTests.java:336)
at java.base/jdk.internal.reflect.NativeMethodAccessorImpl.invoke0(Native Method)
at java.base/jdk.internal.reflect.NativeMethodAccessorImpl.invoke(NativeMethodAccessorImpl.java:77)
at java.base/jdk.internal.reflect.DelegatingMethodAccessorImpl.invoke(DelegatingMethodAccessorImpl.java:43)
at java.base/java.lang.reflect.Method.invoke(Method.java:569)
at org.testng.internal.invokers.MethodInvocationHelper.invokeMethod(MethodInvocationHelper.java:141)
at org.testng.internal.invokers.TestInvoker.invokeMethod(TestInvoker.java:687)
at org.testng.internal.invokers.TestInvoker.invokeTestMethod(TestInvoker.java:230)
at org.testng.internal.invokers.MethodRunner.runInSequence(MethodRunner.java:63)
at org.testng.internal.invokers.TestInvoker$MethodInvocationAgent.invoke(TestInvoker.java:995)
at org.testng.internal.invokers.TestInvoker.invokeTestMethods(TestInvoker.java:203)
at org.testng.internal.invokers.TestMethodWorker.invokeTestMethods(TestMethodWorker.java:154)
at org.testng.internal.invokers.TestMethodWorker.run(TestMethodWorker.java:134)
at java.base/java.util.ArrayList.forEach(ArrayList.java:1511)
at org.testng.TestRunner.privateRun(TestRunner.java:741)
at org.testng.TestRunner.run(TestRunner.java:616)
at org.testng.SuiteRunner.runTest(SuiteRunner.java:421)
at org.testng.SuiteRunner.runSequentially(SuiteRunner.java:413)
at org.testng.SuiteRunner.privateRun(SuiteRunner.java:373)
at org.testng.SuiteRunner.run(SuiteRunner.java:312)
at org.testng.SuiteRunnerWorker.runSuite(SuiteRunnerWorker.java:52)
at org.testng.SuiteRunnerWorker.run(SuiteRunnerWorker.java:95)
at org.testng.TestNG.runSuitesSequentially(TestNG.java:1274)
at org.testng.TestNG.runSuitesLocally(TestNG.java:1208)
at org.testng.TestNG.runSuites(TestNG.java:1112)
at org.testng.TestNG.run(TestNG.java:1079)
at com.intellij.rt.testng.IDEARemoteTestNG.run(IDEARemoteTestNG.java:65)
at com.intellij.rt.testng.RemoteTestNGStarter.main(RemoteTestNGStarter.java:105)
]]>
    </failure>
  </testcase> <!-- clearFieldsAndLogin -->
  <testcase classname="integration_Testing.LoginTests" name="navigateBackAfterLogin" time="2.566">
    <failure message="User was logged out after back navigation expected [true] but found [false]" type="java.lang.AssertionError">
      <![CDATA[java.lang.AssertionError: User was logged out after back navigation expected [true] but found [false]
at org.testng.Assert.fail(Assert.java:111)
at org.testng.Assert.failNotEquals(Assert.java:1590)
at org.testng.Assert.assertTrue(Assert.java:57)
at integration_Testing.LoginTests.navigateBackAfterLogin(LoginTests.java:353)
at java.base/jdk.internal.reflect.NativeMethodAccessorImpl.invoke0(Native Method)
at java.base/jdk.internal.reflect.NativeMethodAccessorImpl.invoke(NativeMethodAccessorImpl.java:77)
at java.base/jdk.internal.reflect.DelegatingMethodAccessorImpl.invoke(DelegatingMethodAccessorImpl.java:43)
at java.base/java.lang.reflect.Method.invoke(Method.java:569)
at org.testng.internal.invokers.MethodInvocationHelper.invokeMethod(MethodInvocationHelper.java:141)
at org.testng.internal.invokers.TestInvoker.invokeMethod(TestInvoker.java:687)
at org.testng.internal.invokers.TestInvoker.invokeTestMethod(TestInvoker.java:230)
at org.testng.internal.invokers.MethodRunner.runInSequence(MethodRunner.java:63)
at org.testng.internal.invokers.TestInvoker$MethodInvocationAgent.invoke(TestInvoker.java:995)
at org.testng.internal.invokers.TestInvoker.invokeTestMethods(TestInvoker.java:203)
at org.testng.internal.invokers.TestMethodWorker.invokeTestMethods(TestMethodWorker.java:154)
at org.testng.internal.invokers.TestMethodWorker.run(TestMethodWorker.java:134)
at java.base/java.util.ArrayList.forEach(ArrayList.java:1511)
at org.testng.TestRunner.privateRun(TestRunner.java:741)
at org.testng.TestRunner.run(TestRunner.java:616)
at org.testng.SuiteRunner.runTest(SuiteRunner.java:421)
at org.testng.SuiteRunner.runSequentially(SuiteRunner.java:413)
at org.testng.SuiteRunner.privateRun(SuiteRunner.java:373)
at org.testng.SuiteRunner.run(SuiteRunner.java:312)
at org.testng.SuiteRunnerWorker.runSuite(SuiteRunnerWorker.java:52)
at org.testng.SuiteRunnerWorker.run(SuiteRunnerWorker.java:95)
at org.testng.TestNG.runSuitesSequentially(TestNG.java:1274)
at org.testng.TestNG.runSuitesLocally(TestNG.java:1208)
at org.testng.TestNG.runSuites(TestNG.java:1112)
at org.testng.TestNG.run(TestNG.java:1079)
at com.intellij.rt.testng.IDEARemoteTestNG.run(IDEARemoteTestNG.java:65)
at com.intellij.rt.testng.RemoteTestNGStarter.main(RemoteTestNGStarter.java:105)
]]>
    </failure>
  </testcase> <!-- navigateBackAfterLogin -->
  <testcase classname="integration_Testing.LoginTests" name="refreshAfterFailedLogin" time="2.548"/>
  <testcase classname="integration_Testing.LoginTests" name="visualUserLogin" time="1.727"/>
  <testcase classname="integration_Testing.LoginTests" name="errorUserLogin" time="1.823"/>
</testsuite> <!-- integration_Testing.LoginTests -->
