<?xml version="1.0" encoding="UTF-8"?>
<!-- Generated by org.testng.reporters.JUnitReportReporter -->
<testsuite hostname="mariam-Latitude-5480" failures="0" tests="14" name="end_to_end_testing.LoginHomeTest" time="37.984" errors="2" timestamp="2025-12-11T14:07:08 EET" skipped="0">
  <testcase classname="end_to_end_testing.LoginHomeTest" name="delay" time="5.002"/>
  <testcase classname="end_to_end_testing.LoginHomeTest" name="openSideBar" time="0.002">
    <error message="
[public void end_to_end_testing.LoginHomeTest.openSideBar()] has no parameters defined but was found to be using a data provider (either explicitly specified or inherited from class level annotation).
Data provider mismatch
Method: openSideBar([])
Arguments: [(java.lang.String) problem_user,(java.lang.String) secret_sauce]" type="org.testng.internal.reflect.MethodMatcherException">
      <![CDATA[org.testng.internal.reflect.MethodMatcherException: 
[public void end_to_end_testing.LoginHomeTest.openSideBar()] has no parameters defined but was found to be using a data provider (either explicitly specified or inherited from class level annotation).
Data provider mismatch
Method: openSideBar([])
Arguments: [(java.lang.String) problem_user,(java.lang.String) secret_sauce]
at org.testng.internal.reflect.DataProviderMethodMatcher.getConformingArguments(DataProviderMethodMatcher.java:46)
at org.testng.internal.Parameters.injectParameters(Parameters.java:915)
at org.testng.internal.invokers.MethodRunner.runInSequence(MethodRunner.java:50)
at org.testng.internal.invokers.TestInvoker$MethodInvocationAgent.invoke(TestInvoker.java:995)
at org.testng.internal.invokers.TestInvoker.invokeTestMethods(TestInvoker.java:203)
at org.testng.internal.invokers.TestMethodWorker.invokeTestMethods(TestMethodWorker.java:154)
at org.testng.internal.invokers.TestMethodWorker.run(TestMethodWorker.java:134)
at java.base/java.util.ArrayList.forEach(ArrayList.java:1511)
at org.testng.TestRunner.privateRun(TestRunner.java:741)
at org.testng.TestRunner.run(TestRunner.java:616)
at org.testng.SuiteRunner.runTest(SuiteRunner.java:421)
at org.testng.SuiteRunner.runSequentially(SuiteRunner.java:413)
at org.testng.SuiteRunner.privateRun(SuiteRunner.java:373)
at org.testng.SuiteRunner.run(SuiteRunner.java:312)
at org.testng.SuiteRunnerWorker.runSuite(SuiteRunnerWorker.java:52)
at org.testng.SuiteRunnerWorker.run(SuiteRunnerWorker.java:95)
at org.testng.TestNG.runSuitesSequentially(TestNG.java:1274)
at org.testng.TestNG.runSuitesLocally(TestNG.java:1208)
at org.testng.TestNG.runSuites(TestNG.java:1112)
at org.testng.TestNG.run(TestNG.java:1079)
at com.intellij.rt.testng.IDEARemoteTestNG.run(IDEARemoteTestNG.java:65)
at com.intellij.rt.testng.RemoteTestNGStarter.main(RemoteTestNGStarter.java:105)
]]>
    </error>
  </testcase> <!-- openSideBar -->
  <testcase classname="end_to_end_testing.LoginHomeTest" name="closeSideBar" time="0.048">
    <error message="
[public void end_to_end_testing.LoginHomeTest.closeSideBar()] has no parameters defined but was found to be using a data provider (either explicitly specified or inherited from class level annotation).
Data provider mismatch
Method: closeSideBar([])
Arguments: [(java.lang.String) problem_user,(java.lang.String) secret_sauce]" type="org.testng.internal.reflect.MethodMatcherException">
      <![CDATA[org.testng.internal.reflect.MethodMatcherException: 
[public void end_to_end_testing.LoginHomeTest.closeSideBar()] has no parameters defined but was found to be using a data provider (either explicitly specified or inherited from class level annotation).
Data provider mismatch
Method: closeSideBar([])
Arguments: [(java.lang.String) problem_user,(java.lang.String) secret_sauce]
at org.testng.internal.reflect.DataProviderMethodMatcher.getConformingArguments(DataProviderMethodMatcher.java:46)
at org.testng.internal.Parameters.injectParameters(Parameters.java:915)
at org.testng.internal.invokers.MethodRunner.runInSequence(MethodRunner.java:50)
at org.testng.internal.invokers.TestInvoker$MethodInvocationAgent.invoke(TestInvoker.java:995)
at org.testng.internal.invokers.TestInvoker.invokeTestMethods(TestInvoker.java:203)
at org.testng.internal.invokers.TestMethodWorker.invokeTestMethods(TestMethodWorker.java:154)
at org.testng.internal.invokers.TestMethodWorker.run(TestMethodWorker.java:134)
at java.base/java.util.ArrayList.forEach(ArrayList.java:1511)
at org.testng.TestRunner.privateRun(TestRunner.java:741)
at org.testng.TestRunner.run(TestRunner.java:616)
at org.testng.SuiteRunner.runTest(SuiteRunner.java:421)
at org.testng.SuiteRunner.runSequentially(SuiteRunner.java:413)
at org.testng.SuiteRunner.privateRun(SuiteRunner.java:373)
at org.testng.SuiteRunner.run(SuiteRunner.java:312)
at org.testng.SuiteRunnerWorker.runSuite(SuiteRunnerWorker.java:52)
at org.testng.SuiteRunnerWorker.run(SuiteRunnerWorker.java:95)
at org.testng.TestNG.runSuitesSequentially(TestNG.java:1274)
at org.testng.TestNG.runSuitesLocally(TestNG.java:1208)
at org.testng.TestNG.runSuites(TestNG.java:1112)
at org.testng.TestNG.run(TestNG.java:1079)
at com.intellij.rt.testng.IDEARemoteTestNG.run(IDEARemoteTestNG.java:65)
at com.intellij.rt.testng.RemoteTestNGStarter.main(RemoteTestNGStarter.java:105)
]]>
    </error>
  </testcase> <!-- closeSideBar -->
  <testcase classname="end_to_end_testing.LoginHomeTest" name="delay" time="5.001"/>
  <testcase classname="end_to_end_testing.LoginHomeTest" name="login" time="2.375"/>
  <testcase classname="end_to_end_testing.LoginHomeTest" name="login" time="0.863"/>
  <testcase classname="end_to_end_testing.LoginHomeTest" name="testSideBarList" time="2.677"/>
  <testcase classname="end_to_end_testing.LoginHomeTest" name="testSideBarList" time="2.116"/>
  <testcase classname="end_to_end_testing.LoginHomeTest" name="testAllItemsLink" time="1.563"/>
  <testcase classname="end_to_end_testing.LoginHomeTest" name="testAllItemsLink" time="1.704"/>
  <testcase classname="end_to_end_testing.LoginHomeTest" name="testResetLink" time="1.620"/>
  <testcase classname="end_to_end_testing.LoginHomeTest" name="testResetLink" time="1.731"/>
  <testcase classname="end_to_end_testing.LoginHomeTest" name="testAboutLink" time="6.287"/>
  <testcase classname="end_to_end_testing.LoginHomeTest" name="testAboutLink" time="6.995"/>
</testsuite> <!-- end_to_end_testing.LoginHomeTest -->
