<?xml version="1.0" encoding="UTF-8"?>
<!-- Generated by org.testng.reporters.JUnitReportReporter -->
<testsuite hostname="mariam-Latitude-5480" failures="0" tests="4" name="integration_Testing.CheckoutTests" time="6.419" errors="0" timestamp="2025-12-06T12:01:37 EET" skipped="0">
  <testcase classname="integration_Testing.CheckoutTests" name="testCheckout2" time="1.878"/>
  <testcase classname="integration_Testing.CheckoutTests" name="testCheckout4" time="1.213"/>
  <testcase classname="integration_Testing.CheckoutTests" name="testCheckout1" time="1.604"/>
  <testcase classname="integration_Testing.CheckoutTests" name="testCheckout3" time="1.724"/>
</testsuite> <!-- integration_Testing.CheckoutTests -->
