<?xml version="1.0" encoding="UTF-8"?>
<!-- Generated by org.testng.reporters.JUnitXMLReporter -->
<testsuite ignored="0" hostname="mariam-Latitude-5480" failures="1" tests="5" name="LoginHomeTest.java" time="4.892" errors="0" timestamp="2025-12-06T13:07:26 EET">
  <testcase classname="integration_Testing.ItemsPageTest" name="testAddToCartButton" time="0.184"/>
  <testcase classname="integration_Testing.ItemsPageTest" name="testBackButtonAfterAdding" time="0.236"/>
  <testcase classname="integration_Testing.ItemsPageTest" name="testBackButtonWithoutAdding" time="0.209"/>
  <testcase classname="integration_Testing.ItemsPageTest" name="testItemAddedToCart" time="0.141">
    <failure type="java.lang.AssertionError" message="Cart count is not correct expected [1] but found [2]">
      <![CDATA[java.lang.AssertionError: Cart count is not correct expected [1] but found [2]
at integration_Testing.ItemsPageTest.testItemAddedToCart(ItemsPageTest.java:120)
at java.base/java.util.ArrayList.forEach(ArrayList.java:1511)
at com.intellij.rt.testng.IDEARemoteTestNG.run(IDEARemoteTestNG.java:65)
at com.intellij.rt.testng.RemoteTestNGStarter.main(RemoteTestNGStarter.java:105)
... Removed 29 stack frames]]>
    </failure>
  </testcase> <!-- testItemAddedToCart -->
  <testcase classname="integration_Testing.ItemsPageTest" name="testItemDetails" time="0.057"/>
</testsuite> <!-- LoginHomeTest.java -->
